[1.726s] Invoking command in '/home/user/ros2_ws/src/nav2_pkgs/localization_server': PYTHONPATH=/home/user/ros2_ws/install/localization_server/lib/python3.8/site-packages:${PYTHONPATH} _=/usr/bin/env /usr/bin/python3 setup.py egg_info --egg-base ../../../build/localization_server build --build-base /home/user/ros2_ws/build/localization_server/build install --prefix /home/user/ros2_ws/install/localization_server --record /home/user/ros2_ws/build/localization_server/install.log --single-version-externally-managed
[2.202s] running egg_info
[2.203s] writing ../../../build/localization_server/localization_server.egg-info/PKG-INFO
[2.203s] writing dependency_links to ../../../build/localization_server/localization_server.egg-info/dependency_links.txt
[2.203s] writing entry points to ../../../build/localization_server/localization_server.egg-info/entry_points.txt
[2.204s] writing requirements to ../../../build/localization_server/localization_server.egg-info/requires.txt
[2.204s] writing top-level names to ../../../build/localization_server/localization_server.egg-info/top_level.txt
[2.302s] reading manifest file '../../../build/localization_server/localization_server.egg-info/SOURCES.txt'
[2.303s] writing manifest file '../../../build/localization_server/localization_server.egg-info/SOURCES.txt'
[2.303s] running build
[2.303s] running build_py
[2.303s] running install
[2.304s] running install_lib
[2.306s] running install_data
[2.307s] running install_egg_info
[2.309s] removing '/home/user/ros2_ws/install/localization_server/lib/python3.8/site-packages/localization_server-0.0.0-py3.8.egg-info' (and everything under it)
[2.310s] Copying ../../../build/localization_server/localization_server.egg-info to /home/user/ros2_ws/install/localization_server/lib/python3.8/site-packages/localization_server-0.0.0-py3.8.egg-info
[2.313s] running install_scripts
[2.380s] writing list of installed files to '/home/user/ros2_ws/build/localization_server/install.log'
[2.410s] Invoked command in '/home/user/ros2_ws/src/nav2_pkgs/localization_server' returned '0': PYTHONPATH=/home/user/ros2_ws/install/localization_server/lib/python3.8/site-packages:${PYTHONPATH} _=/usr/bin/env /usr/bin/python3 setup.py egg_info --egg-base ../../../build/localization_server build --build-base /home/user/ros2_ws/build/localization_server/build install --prefix /home/user/ros2_ws/install/localization_server --record /home/user/ros2_ws/build/localization_server/install.log --single-version-externally-managed
