running egg_info
writing ../build/nav2_new_features/nav2_new_features.egg-info/PKG-INFO
writing dependency_links to ../build/nav2_new_features/nav2_new_features.egg-info/dependency_links.txt
writing entry points to ../build/nav2_new_features/nav2_new_features.egg-info/entry_points.txt
writing requirements to ../build/nav2_new_features/nav2_new_features.egg-info/requires.txt
writing top-level names to ../build/nav2_new_features/nav2_new_features.egg-info/top_level.txt
reading manifest file '../build/nav2_new_features/nav2_new_features.egg-info/SOURCES.txt'
writing manifest file '../build/nav2_new_features/nav2_new_features.egg-info/SOURCES.txt'
running build
running build_py
copying nav2_new_features/__init__.py -> /home/user/ros2_ws/build/nav2_new_features/build/lib/nav2_new_features
running install
running install_lib
copying /home/user/ros2_ws/build/nav2_new_features/build/lib/nav2_new_features/__init__.py -> /home/user/ros2_ws/install/nav2_new_features/lib/python3.8/site-packages/nav2_new_features
byte-compiling /home/user/ros2_ws/install/nav2_new_features/lib/python3.8/site-packages/nav2_new_features/__init__.py to __init__.cpython-38.pyc
running install_data
copying resource/nav2_new_features -> /home/user/ros2_ws/install/nav2_new_features/share/ament_index/resource_index/packages
copying package.xml -> /home/user/ros2_ws/install/nav2_new_features/share/nav2_new_features
running install_egg_info
removing '/home/user/ros2_ws/install/nav2_new_features/lib/python3.8/site-packages/nav2_new_features-0.0.0-py3.8.egg-info' (and everything under it)
Copying ../build/nav2_new_features/nav2_new_features.egg-info to /home/user/ros2_ws/install/nav2_new_features/lib/python3.8/site-packages/nav2_new_features-0.0.0-py3.8.egg-info
running install_scripts
writing list of installed files to '/home/user/ros2_ws/build/nav2_new_features/install.log'
