[2.330s] Invoking command in '/home/user/ros2_ws/nav2_new_features': PYTHONPATH=/home/user/ros2_ws/install/nav2_new_features/lib/python3.8/site-packages:${PYTHONPATH} _=/usr/bin/env /usr/bin/python3 setup.py egg_info --egg-base ../build/nav2_new_features build --build-base /home/user/ros2_ws/build/nav2_new_features/build install --prefix /home/user/ros2_ws/install/nav2_new_features --record /home/user/ros2_ws/build/nav2_new_features/install.log --single-version-externally-managed
[3.017s] running egg_info
[3.017s] writing ../build/nav2_new_features/nav2_new_features.egg-info/PKG-INFO
[3.018s] writing dependency_links to ../build/nav2_new_features/nav2_new_features.egg-info/dependency_links.txt
[3.018s] writing entry points to ../build/nav2_new_features/nav2_new_features.egg-info/entry_points.txt
[3.018s] writing requirements to ../build/nav2_new_features/nav2_new_features.egg-info/requires.txt
[3.019s] writing top-level names to ../build/nav2_new_features/nav2_new_features.egg-info/top_level.txt
[3.115s] reading manifest file '../build/nav2_new_features/nav2_new_features.egg-info/SOURCES.txt'
[3.117s] writing manifest file '../build/nav2_new_features/nav2_new_features.egg-info/SOURCES.txt'
[3.117s] running build
[3.117s] running build_py
[3.117s] copying nav2_new_features/__init__.py -> /home/user/ros2_ws/build/nav2_new_features/build/lib/nav2_new_features
[3.117s] running install
[3.118s] running install_lib
[3.120s] copying /home/user/ros2_ws/build/nav2_new_features/build/lib/nav2_new_features/__init__.py -> /home/user/ros2_ws/install/nav2_new_features/lib/python3.8/site-packages/nav2_new_features
[3.120s] byte-compiling /home/user/ros2_ws/install/nav2_new_features/lib/python3.8/site-packages/nav2_new_features/__init__.py to __init__.cpython-38.pyc
[3.122s] running install_data
[3.123s] copying resource/nav2_new_features -> /home/user/ros2_ws/install/nav2_new_features/share/ament_index/resource_index/packages
[3.123s] copying package.xml -> /home/user/ros2_ws/install/nav2_new_features/share/nav2_new_features
[3.123s] running install_egg_info
[3.125s] removing '/home/user/ros2_ws/install/nav2_new_features/lib/python3.8/site-packages/nav2_new_features-0.0.0-py3.8.egg-info' (and everything under it)
[3.125s] Copying ../build/nav2_new_features/nav2_new_features.egg-info to /home/user/ros2_ws/install/nav2_new_features/lib/python3.8/site-packages/nav2_new_features-0.0.0-py3.8.egg-info
[3.127s] running install_scripts
[3.161s] writing list of installed files to '/home/user/ros2_ws/build/nav2_new_features/install.log'
[3.234s] Invoked command in '/home/user/ros2_ws/nav2_new_features' returned '0': PYTHONPATH=/home/user/ros2_ws/install/nav2_new_features/lib/python3.8/site-packages:${PYTHONPATH} _=/usr/bin/env /usr/bin/python3 setup.py egg_info --egg-base ../build/nav2_new_features build --build-base /home/user/ros2_ws/build/nav2_new_features/build install --prefix /home/user/ros2_ws/install/nav2_new_features --record /home/user/ros2_ws/build/nav2_new_features/install.log --single-version-externally-managed
