[4.786s] Invoking command in '/home/user/ros2_ws/src/nav2_pkgs/map_server': PYTHONPATH=/home/user/ros2_ws/install/map_server/lib/python3.8/site-packages:${PYTHONPATH} _=/usr/bin/env /usr/bin/python3 setup.py egg_info --egg-base ../../../build/map_server build --build-base /home/user/ros2_ws/build/map_server/build install --prefix /home/user/ros2_ws/install/map_server --record /home/user/ros2_ws/build/map_server/install.log --single-version-externally-managed
[5.891s] running egg_info
[5.892s] writing ../../../build/map_server/map_server.egg-info/PKG-INFO
[5.893s] writing dependency_links to ../../../build/map_server/map_server.egg-info/dependency_links.txt
[5.893s] writing entry points to ../../../build/map_server/map_server.egg-info/entry_points.txt
[5.894s] writing requirements to ../../../build/map_server/map_server.egg-info/requires.txt
[5.894s] writing top-level names to ../../../build/map_server/map_server.egg-info/top_level.txt
[6.091s] reading manifest file '../../../build/map_server/map_server.egg-info/SOURCES.txt'
[6.093s] writing manifest file '../../../build/map_server/map_server.egg-info/SOURCES.txt'
[6.094s] running build
[6.094s] running build_py
[6.094s] running install
[6.096s] running install_lib
[6.098s] running install_data
[6.100s] running install_egg_info
[6.104s] removing '/home/user/ros2_ws/install/map_server/lib/python3.8/site-packages/map_server-0.0.0-py3.8.egg-info' (and everything under it)
[6.104s] Copying ../../../build/map_server/map_server.egg-info to /home/user/ros2_ws/install/map_server/lib/python3.8/site-packages/map_server-0.0.0-py3.8.egg-info
[6.106s] running install_scripts
[6.180s] writing list of installed files to '/home/user/ros2_ws/build/map_server/install.log'
[6.220s] Invoked command in '/home/user/ros2_ws/src/nav2_pkgs/map_server' returned '0': PYTHONPATH=/home/user/ros2_ws/install/map_server/lib/python3.8/site-packages:${PYTHONPATH} _=/usr/bin/env /usr/bin/python3 setup.py egg_info --egg-base ../../../build/map_server build --build-base /home/user/ros2_ws/build/map_server/build install --prefix /home/user/ros2_ws/install/map_server --record /home/user/ros2_ws/build/map_server/install.log --single-version-externally-managed
