[1.920s] Invoking command in '/home/user/ros2_ws/src/nav2_pkgs/map_server': PYTHONPATH=/home/user/ros2_ws/install/map_server/lib/python3.8/site-packages:${PYTHONPATH} _=/usr/bin/env /usr/bin/python3 setup.py egg_info --egg-base ../../../build/map_server build --build-base /home/user/ros2_ws/build/map_server/build install --prefix /home/user/ros2_ws/install/map_server --record /home/user/ros2_ws/build/map_server/install.log --single-version-externally-managed
[2.535s] running egg_info
[2.536s] writing ../../../build/map_server/map_server.egg-info/PKG-INFO
[2.536s] writing dependency_links to ../../../build/map_server/map_server.egg-info/dependency_links.txt
[2.536s] writing entry points to ../../../build/map_server/map_server.egg-info/entry_points.txt
[2.537s] writing requirements to ../../../build/map_server/map_server.egg-info/requires.txt
[2.537s] writing top-level names to ../../../build/map_server/map_server.egg-info/top_level.txt
[2.640s] reading manifest file '../../../build/map_server/map_server.egg-info/SOURCES.txt'
[2.641s] writing manifest file '../../../build/map_server/map_server.egg-info/SOURCES.txt'
[2.642s] running build
[2.642s] running build_py
[2.642s] running install
[2.643s] running install_lib
[2.645s] running install_data
[2.650s] running install_egg_info
[2.650s] removing '/home/user/ros2_ws/install/map_server/lib/python3.8/site-packages/map_server-0.0.0-py3.8.egg-info' (and everything under it)
[2.650s] Copying ../../../build/map_server/map_server.egg-info to /home/user/ros2_ws/install/map_server/lib/python3.8/site-packages/map_server-0.0.0-py3.8.egg-info
[2.650s] running install_scripts
[2.730s] writing list of installed files to '/home/user/ros2_ws/build/map_server/install.log'
[2.754s] Invoked command in '/home/user/ros2_ws/src/nav2_pkgs/map_server' returned '0': PYTHONPATH=/home/user/ros2_ws/install/map_server/lib/python3.8/site-packages:${PYTHONPATH} _=/usr/bin/env /usr/bin/python3 setup.py egg_info --egg-base ../../../build/map_server build --build-base /home/user/ros2_ws/build/map_server/build install --prefix /home/user/ros2_ws/install/map_server --record /home/user/ros2_ws/build/map_server/install.log --single-version-externally-managed
