[2.048s] Invoking command in '/home/user/ros2_ws/src/nav2_pkgs/map_server': PYTHONPATH=/home/user/ros2_ws/install/map_server/lib/python3.8/site-packages:${PYTHONPATH} _=/usr/bin/env /usr/bin/python3 setup.py egg_info --egg-base ../../../build/map_server build --build-base /home/user/ros2_ws/build/map_server/build install --prefix /home/user/ros2_ws/install/map_server --record /home/user/ros2_ws/build/map_server/install.log --single-version-externally-managed
[2.627s] running egg_info
[2.628s] writing ../../../build/map_server/map_server.egg-info/PKG-INFO
[2.640s] writing dependency_links to ../../../build/map_server/map_server.egg-info/dependency_links.txt
[2.646s] writing entry points to ../../../build/map_server/map_server.egg-info/entry_points.txt
[2.658s] writing requirements to ../../../build/map_server/map_server.egg-info/requires.txt
[2.661s] writing top-level names to ../../../build/map_server/map_server.egg-info/top_level.txt
[2.788s] reading manifest file '../../../build/map_server/map_server.egg-info/SOURCES.txt'
[2.790s] writing manifest file '../../../build/map_server/map_server.egg-info/SOURCES.txt'
[2.802s] running build
[2.802s] running build_py
[2.803s] running install
[2.803s] running install_lib
[2.809s] running install_data
[2.810s] running install_egg_info
[2.810s] removing '/home/user/ros2_ws/install/map_server/lib/python3.8/site-packages/map_server-0.0.0-py3.8.egg-info' (and everything under it)
[2.810s] Copying ../../../build/map_server/map_server.egg-info to /home/user/ros2_ws/install/map_server/lib/python3.8/site-packages/map_server-0.0.0-py3.8.egg-info
[2.811s] running install_scripts
[2.836s] writing list of installed files to '/home/user/ros2_ws/build/map_server/install.log'
[2.987s] Invoked command in '/home/user/ros2_ws/src/nav2_pkgs/map_server' returned '0': PYTHONPATH=/home/user/ros2_ws/install/map_server/lib/python3.8/site-packages:${PYTHONPATH} _=/usr/bin/env /usr/bin/python3 setup.py egg_info --egg-base ../../../build/map_server build --build-base /home/user/ros2_ws/build/map_server/build install --prefix /home/user/ros2_ws/install/map_server --record /home/user/ros2_ws/build/map_server/install.log --single-version-externally-managed
