[1.679s] Invoking command in '/home/user/ros2_ws/src/nav2_pkgs/path_planner_server': PYTHONPATH=/home/user/ros2_ws/install/path_planner_server/lib/python3.8/site-packages:${PYTHONPATH} _=/usr/bin/env /usr/bin/python3 setup.py egg_info --egg-base ../../../build/path_planner_server build --build-base /home/user/ros2_ws/build/path_planner_server/build install --prefix /home/user/ros2_ws/install/path_planner_server --record /home/user/ros2_ws/build/path_planner_server/install.log --single-version-externally-managed
[2.100s] running egg_info
[2.100s] writing ../../../build/path_planner_server/path_planner_server.egg-info/PKG-INFO
[2.101s] writing dependency_links to ../../../build/path_planner_server/path_planner_server.egg-info/dependency_links.txt
[2.101s] writing entry points to ../../../build/path_planner_server/path_planner_server.egg-info/entry_points.txt
[2.101s] writing requirements to ../../../build/path_planner_server/path_planner_server.egg-info/requires.txt
[2.101s] writing top-level names to ../../../build/path_planner_server/path_planner_server.egg-info/top_level.txt
[2.186s] reading manifest file '../../../build/path_planner_server/path_planner_server.egg-info/SOURCES.txt'
[2.187s] writing manifest file '../../../build/path_planner_server/path_planner_server.egg-info/SOURCES.txt'
[2.187s] running build
[2.187s] running build_py
[2.187s] running install
[2.189s] running install_lib
[2.190s] running install_data
[2.191s] running install_egg_info
[2.193s] removing '/home/user/ros2_ws/install/path_planner_server/lib/python3.8/site-packages/path_planner_server-0.0.0-py3.8.egg-info' (and everything under it)
[2.194s] Copying ../../../build/path_planner_server/path_planner_server.egg-info to /home/user/ros2_ws/install/path_planner_server/lib/python3.8/site-packages/path_planner_server-0.0.0-py3.8.egg-info
[2.195s] running install_scripts
[2.266s] writing list of installed files to '/home/user/ros2_ws/build/path_planner_server/install.log'
[2.287s] Invoked command in '/home/user/ros2_ws/src/nav2_pkgs/path_planner_server' returned '0': PYTHONPATH=/home/user/ros2_ws/install/path_planner_server/lib/python3.8/site-packages:${PYTHONPATH} _=/usr/bin/env /usr/bin/python3 setup.py egg_info --egg-base ../../../build/path_planner_server build --build-base /home/user/ros2_ws/build/path_planner_server/build install --prefix /home/user/ros2_ws/install/path_planner_server --record /home/user/ros2_ws/build/path_planner_server/install.log --single-version-externally-managed
