[2.208s] Invoking command in '/home/user/ros2_ws/src/nav2_pkgs/map_server': PYTHONPATH=/home/user/ros2_ws/install/map_server/lib/python3.8/site-packages:${PYTHONPATH} _=/usr/bin/env /usr/bin/python3 setup.py egg_info --egg-base ../../../build/map_server build --build-base /home/user/ros2_ws/build/map_server/build install --prefix /home/user/ros2_ws/install/map_server --record /home/user/ros2_ws/build/map_server/install.log --single-version-externally-managed
[2.806s] running egg_info
[2.807s] writing ../../../build/map_server/map_server.egg-info/PKG-INFO
[2.807s] writing dependency_links to ../../../build/map_server/map_server.egg-info/dependency_links.txt
[2.808s] writing entry points to ../../../build/map_server/map_server.egg-info/entry_points.txt
[2.808s] writing requirements to ../../../build/map_server/map_server.egg-info/requires.txt
[2.809s] writing top-level names to ../../../build/map_server/map_server.egg-info/top_level.txt
[2.903s] reading manifest file '../../../build/map_server/map_server.egg-info/SOURCES.txt'
[2.904s] writing manifest file '../../../build/map_server/map_server.egg-info/SOURCES.txt'
[2.905s] running build
[2.905s] running build_py
[2.905s] running install
[2.906s] running install_lib
[2.907s] running install_data
[2.909s] running install_egg_info
[2.910s] removing '/home/user/ros2_ws/install/map_server/lib/python3.8/site-packages/map_server-0.0.0-py3.8.egg-info' (and everything under it)
[2.911s] Copying ../../../build/map_server/map_server.egg-info to /home/user/ros2_ws/install/map_server/lib/python3.8/site-packages/map_server-0.0.0-py3.8.egg-info
[2.912s] running install_scripts
[2.981s] writing list of installed files to '/home/user/ros2_ws/build/map_server/install.log'
[3.033s] Invoked command in '/home/user/ros2_ws/src/nav2_pkgs/map_server' returned '0': PYTHONPATH=/home/user/ros2_ws/install/map_server/lib/python3.8/site-packages:${PYTHONPATH} _=/usr/bin/env /usr/bin/python3 setup.py egg_info --egg-base ../../../build/map_server build --build-base /home/user/ros2_ws/build/map_server/build install --prefix /home/user/ros2_ws/install/map_server --record /home/user/ros2_ws/build/map_server/install.log --single-version-externally-managed
