[2.740s] Invoking command in '/home/user/ros2_ws/src/nav2_pkgs/localization_server': PYTHONPATH=/home/user/ros2_ws/install/localization_server/lib/python3.8/site-packages:${PYTHONPATH} _=/usr/bin/env /usr/bin/python3 setup.py egg_info --egg-base ../../../build/localization_server build --build-base /home/user/ros2_ws/build/localization_server/build install --prefix /home/user/ros2_ws/install/localization_server --record /home/user/ros2_ws/build/localization_server/install.log --single-version-externally-managed
[3.343s] running egg_info
[3.344s] writing ../../../build/localization_server/localization_server.egg-info/PKG-INFO
[3.344s] writing dependency_links to ../../../build/localization_server/localization_server.egg-info/dependency_links.txt
[3.344s] writing entry points to ../../../build/localization_server/localization_server.egg-info/entry_points.txt
[3.349s] writing requirements to ../../../build/localization_server/localization_server.egg-info/requires.txt
[3.349s] writing top-level names to ../../../build/localization_server/localization_server.egg-info/top_level.txt
[3.441s] reading manifest file '../../../build/localization_server/localization_server.egg-info/SOURCES.txt'
[3.443s] writing manifest file '../../../build/localization_server/localization_server.egg-info/SOURCES.txt'
[3.443s] running build
[3.443s] running build_py
[3.443s] running install
[3.444s] running install_lib
[3.447s] running install_data
[3.447s] running install_egg_info
[3.450s] removing '/home/user/ros2_ws/install/localization_server/lib/python3.8/site-packages/localization_server-0.0.0-py3.8.egg-info' (and everything under it)
[3.450s] Copying ../../../build/localization_server/localization_server.egg-info to /home/user/ros2_ws/install/localization_server/lib/python3.8/site-packages/localization_server-0.0.0-py3.8.egg-info
[3.452s] running install_scripts
[3.477s] writing list of installed files to '/home/user/ros2_ws/build/localization_server/install.log'
[3.511s] Invoked command in '/home/user/ros2_ws/src/nav2_pkgs/localization_server' returned '0': PYTHONPATH=/home/user/ros2_ws/install/localization_server/lib/python3.8/site-packages:${PYTHONPATH} _=/usr/bin/env /usr/bin/python3 setup.py egg_info --egg-base ../../../build/localization_server build --build-base /home/user/ros2_ws/build/localization_server/build install --prefix /home/user/ros2_ws/install/localization_server --record /home/user/ros2_ws/build/localization_server/install.log --single-version-externally-managed
