[2.089s] Invoking command in '/home/user/ros2_ws/src/nav2_pkgs/path_planner_server': PYTHONPATH=/home/user/ros2_ws/install/path_planner_server/lib/python3.8/site-packages:${PYTHONPATH} _=/usr/bin/env /usr/bin/python3 setup.py egg_info --egg-base ../../../build/path_planner_server build --build-base /home/user/ros2_ws/build/path_planner_server/build install --prefix /home/user/ros2_ws/install/path_planner_server --record /home/user/ros2_ws/build/path_planner_server/install.log --single-version-externally-managed
[2.625s] running egg_info
[2.626s] creating ../../../build/path_planner_server/path_planner_server.egg-info
[2.626s] writing ../../../build/path_planner_server/path_planner_server.egg-info/PKG-INFO
[2.626s] writing dependency_links to ../../../build/path_planner_server/path_planner_server.egg-info/dependency_links.txt
[2.626s] writing entry points to ../../../build/path_planner_server/path_planner_server.egg-info/entry_points.txt
[2.627s] writing requirements to ../../../build/path_planner_server/path_planner_server.egg-info/requires.txt
[2.627s] writing top-level names to ../../../build/path_planner_server/path_planner_server.egg-info/top_level.txt
[2.638s] writing manifest file '../../../build/path_planner_server/path_planner_server.egg-info/SOURCES.txt'
[2.735s] reading manifest file '../../../build/path_planner_server/path_planner_server.egg-info/SOURCES.txt'
[2.735s] writing manifest file '../../../build/path_planner_server/path_planner_server.egg-info/SOURCES.txt'
[2.735s] running build
[2.735s] running build_py
[2.735s] creating /home/user/ros2_ws/build/path_planner_server/build
[2.735s] creating /home/user/ros2_ws/build/path_planner_server/build/lib
[2.735s] creating /home/user/ros2_ws/build/path_planner_server/build/lib/path_planner_server
[2.736s] copying path_planner_server/__init__.py -> /home/user/ros2_ws/build/path_planner_server/build/lib/path_planner_server
[2.736s] running install
[2.738s] running install_lib
[2.740s] creating /home/user/ros2_ws/install/path_planner_server/lib/python3.8/site-packages/path_planner_server
[2.740s] copying /home/user/ros2_ws/build/path_planner_server/build/lib/path_planner_server/__init__.py -> /home/user/ros2_ws/install/path_planner_server/lib/python3.8/site-packages/path_planner_server
[2.741s] byte-compiling /home/user/ros2_ws/install/path_planner_server/lib/python3.8/site-packages/path_planner_server/__init__.py to __init__.cpython-38.pyc
[2.744s] running install_data
[2.745s] creating /home/user/ros2_ws/install/path_planner_server/share/ament_index
[2.746s] creating /home/user/ros2_ws/install/path_planner_server/share/ament_index/resource_index
[2.746s] creating /home/user/ros2_ws/install/path_planner_server/share/ament_index/resource_index/packages
[2.747s] copying resource/path_planner_server -> /home/user/ros2_ws/install/path_planner_server/share/ament_index/resource_index/packages
[2.748s] copying package.xml -> /home/user/ros2_ws/install/path_planner_server/share/path_planner_server
[2.748s] creating /home/user/ros2_ws/install/path_planner_server/share/path_planner_server/launch
[2.748s] copying launch/pathplanner.launch.py -> /home/user/ros2_ws/install/path_planner_server/share/path_planner_server/launch
[2.749s] copying launch/navigation.launch.py -> /home/user/ros2_ws/install/path_planner_server/share/path_planner_server/launch
[2.749s] creating /home/user/ros2_ws/install/path_planner_server/share/path_planner_server/config
[2.750s] copying config/controller.yaml -> /home/user/ros2_ws/install/path_planner_server/share/path_planner_server/config
[2.750s] copying config/recovery.yaml -> /home/user/ros2_ws/install/path_planner_server/share/path_planner_server/config
[2.750s] copying config/planner_server.yaml -> /home/user/ros2_ws/install/path_planner_server/share/path_planner_server/config
[2.750s] copying config/bt_navigator.yaml -> /home/user/ros2_ws/install/path_planner_server/share/path_planner_server/config
[2.751s] creating /home/user/ros2_ws/install/path_planner_server/share/path_planner_server/rviz_config
[2.751s] copying rviz_config/pathplanning.rviz -> /home/user/ros2_ws/install/path_planner_server/share/path_planner_server/rviz_config
[2.761s] copying rviz_config/nav2_default_view.rviz -> /home/user/ros2_ws/install/path_planner_server/share/path_planner_server/rviz_config
[2.762s] running install_egg_info
[2.762s] Copying ../../../build/path_planner_server/path_planner_server.egg-info to /home/user/ros2_ws/install/path_planner_server/lib/python3.8/site-packages/path_planner_server-0.0.0-py3.8.egg-info
[2.762s] running install_scripts
[2.779s] writing list of installed files to '/home/user/ros2_ws/build/path_planner_server/install.log'
[2.908s] Invoked command in '/home/user/ros2_ws/src/nav2_pkgs/path_planner_server' returned '0': PYTHONPATH=/home/user/ros2_ws/install/path_planner_server/lib/python3.8/site-packages:${PYTHONPATH} _=/usr/bin/env /usr/bin/python3 setup.py egg_info --egg-base ../../../build/path_planner_server build --build-base /home/user/ros2_ws/build/path_planner_server/build install --prefix /home/user/ros2_ws/install/path_planner_server --record /home/user/ros2_ws/build/path_planner_server/install.log --single-version-externally-managed
