[3.422s] Invoking command in '/home/user/ros2_ws/src/nav2_pkgs/path_planner_server': PYTHONPATH=/home/user/ros2_ws/install/path_planner_server/lib/python3.8/site-packages:${PYTHONPATH} _=/usr/bin/env /usr/bin/python3 setup.py egg_info --egg-base ../../../build/path_planner_server build --build-base /home/user/ros2_ws/build/path_planner_server/build install --prefix /home/user/ros2_ws/install/path_planner_server --record /home/user/ros2_ws/build/path_planner_server/install.log --single-version-externally-managed
[4.409s] running egg_info
[4.410s] writing ../../../build/path_planner_server/path_planner_server.egg-info/PKG-INFO
[4.410s] writing dependency_links to ../../../build/path_planner_server/path_planner_server.egg-info/dependency_links.txt
[4.410s] writing entry points to ../../../build/path_planner_server/path_planner_server.egg-info/entry_points.txt
[4.410s] writing requirements to ../../../build/path_planner_server/path_planner_server.egg-info/requires.txt
[4.411s] writing top-level names to ../../../build/path_planner_server/path_planner_server.egg-info/top_level.txt
[4.607s] reading manifest file '../../../build/path_planner_server/path_planner_server.egg-info/SOURCES.txt'
[4.608s] writing manifest file '../../../build/path_planner_server/path_planner_server.egg-info/SOURCES.txt'
[4.608s] running build
[4.609s] running build_py
[4.609s] running install
[4.610s] running install_lib
[4.613s] running install_data
[4.613s] copying launch/navigation2.launch.py -> /home/user/ros2_ws/install/path_planner_server/share/path_planner_server/launch
[4.614s] copying config/waypoint_follower.yaml -> /home/user/ros2_ws/install/path_planner_server/share/path_planner_server/config
[4.614s] running install_egg_info
[4.616s] removing '/home/user/ros2_ws/install/path_planner_server/lib/python3.8/site-packages/path_planner_server-0.0.0-py3.8.egg-info' (and everything under it)
[4.617s] Copying ../../../build/path_planner_server/path_planner_server.egg-info to /home/user/ros2_ws/install/path_planner_server/lib/python3.8/site-packages/path_planner_server-0.0.0-py3.8.egg-info
[4.695s] running install_scripts
[4.721s] writing list of installed files to '/home/user/ros2_ws/build/path_planner_server/install.log'
[4.899s] Invoked command in '/home/user/ros2_ws/src/nav2_pkgs/path_planner_server' returned '0': PYTHONPATH=/home/user/ros2_ws/install/path_planner_server/lib/python3.8/site-packages:${PYTHONPATH} _=/usr/bin/env /usr/bin/python3 setup.py egg_info --egg-base ../../../build/path_planner_server build --build-base /home/user/ros2_ws/build/path_planner_server/build install --prefix /home/user/ros2_ws/install/path_planner_server --record /home/user/ros2_ws/build/path_planner_server/install.log --single-version-externally-managed
