/home/user/ros2_ws/install/path_planner_server/lib/python3.8/site-packages/path_planner_server/__init__.py
/home/user/ros2_ws/install/path_planner_server/lib/python3.8/site-packages/path_planner_server/__pycache__/__init__.cpython-38.pyc
/home/user/ros2_ws/install/path_planner_server/share/ament_index/resource_index/packages/path_planner_server
/home/user/ros2_ws/install/path_planner_server/share/path_planner_server/package.xml
/home/user/ros2_ws/install/path_planner_server/share/path_planner_server/launch/pathplanner.launch.py
/home/user/ros2_ws/install/path_planner_server/share/path_planner_server/launch/navigation.launch.py
/home/user/ros2_ws/install/path_planner_server/share/path_planner_server/launch/navigation2.launch.py
/home/user/ros2_ws/install/path_planner_server/share/path_planner_server/launch/navigation3.launch.py
/home/user/ros2_ws/install/path_planner_server/share/path_planner_server/config/controller.yaml
/home/user/ros2_ws/install/path_planner_server/share/path_planner_server/config/recovery.yaml
/home/user/ros2_ws/install/path_planner_server/share/path_planner_server/config/planner_server.yaml
/home/user/ros2_ws/install/path_planner_server/share/path_planner_server/config/bt_navigator.yaml
/home/user/ros2_ws/install/path_planner_server/share/path_planner_server/config/filters.yaml
/home/user/ros2_ws/install/path_planner_server/share/path_planner_server/config/waypoint_follower.yaml
/home/user/ros2_ws/install/path_planner_server/share/path_planner_server/rviz_config/pathplanning.rviz
/home/user/ros2_ws/install/path_planner_server/share/path_planner_server/rviz_config/nav2_default_view.rviz
/home/user/ros2_ws/install/path_planner_server/lib/python3.8/site-packages/path_planner_server-0.0.0-py3.8.egg-info/PKG-INFO
/home/user/ros2_ws/install/path_planner_server/lib/python3.8/site-packages/path_planner_server-0.0.0-py3.8.egg-info/zip-safe
/home/user/ros2_ws/install/path_planner_server/lib/python3.8/site-packages/path_planner_server-0.0.0-py3.8.egg-info/top_level.txt
/home/user/ros2_ws/install/path_planner_server/lib/python3.8/site-packages/path_planner_server-0.0.0-py3.8.egg-info/requires.txt
/home/user/ros2_ws/install/path_planner_server/lib/python3.8/site-packages/path_planner_server-0.0.0-py3.8.egg-info/entry_points.txt
/home/user/ros2_ws/install/path_planner_server/lib/python3.8/site-packages/path_planner_server-0.0.0-py3.8.egg-info/SOURCES.txt
/home/user/ros2_ws/install/path_planner_server/lib/python3.8/site-packages/path_planner_server-0.0.0-py3.8.egg-info/dependency_links.txt
