[2.087s] DEBUG:colcon:Command line arguments: ['/usr/bin/colcon', 'build']
[2.088s] DEBUG:colcon:Parsed command line arguments: Namespace(allow_overriding=[], ament_cmake_args=None, base_paths=['.'], build_base='build', catkin_cmake_args=None, catkin_skip_building_tests=False, cmake_args=None, cmake_clean_cache=False, cmake_clean_first=False, cmake_force_configure=False, cmake_target=None, cmake_target_skip_unavailable=False, continue_on_error=False, event_handlers=None, executor='parallel', ignore_user_meta=False, install_base='install', log_base=None, log_level=None, main=<bound method BuildVerb.main of <colcon_core.verb.build.BuildVerb object at 0x7f75af68c280>>, merge_install=False, metas=['./colcon.meta'], packages_above=None, packages_above_and_dependencies=None, packages_above_depth=None, packages_end=None, packages_ignore=None, packages_ignore_regex=None, packages_select=None, packages_select_build_failed=False, packages_select_by_dep=None, packages_select_regex=None, packages_select_test_failures=False, packages_skip=None, packages_skip_build_finished=False, packages_skip_by_dep=None, packages_skip_regex=None, packages_skip_test_passed=False, packages_skip_up_to=None, packages_start=None, packages_up_to=None, packages_up_to_regex=None, parallel_workers=8, paths=None, symlink_install=False, test_result_base=None, verb_extension=<colcon_core.verb.build.BuildVerb object at 0x7f75af68c280>, verb_name='build', verb_parser=<colcon_defaults.argument_parser.defaults.DefaultArgumentsDecorator object at 0x7f75af68c7f0>)
[2.683s] Level 1:colcon.colcon_core.package_discovery:discover_packages(colcon_meta) check parameters
[2.684s] Level 1:colcon.colcon_core.package_discovery:discover_packages(recursive) check parameters
[2.684s] Level 1:colcon.colcon_core.package_discovery:discover_packages(ignore) check parameters
[2.684s] Level 1:colcon.colcon_core.package_discovery:discover_packages(path) check parameters
[2.684s] Level 1:colcon.colcon_core.package_discovery:discover_packages(colcon_meta) discover
[2.684s] Level 1:colcon.colcon_core.package_discovery:discover_packages(recursive) discover
[2.684s] INFO:colcon.colcon_core.package_discovery:Crawling recursively for packages in '/home/user/ros2_ws'
[2.684s] Level 1:colcon.colcon_core.package_identification:_identify(.) by extensions ['ignore', 'ignore_ament_install']
[2.684s] Level 1:colcon.colcon_core.package_identification:_identify(.) by extension 'ignore'
[2.684s] Level 1:colcon.colcon_core.package_identification:_identify(.) by extension 'ignore_ament_install'
[2.684s] Level 1:colcon.colcon_core.package_identification:_identify(.) by extensions ['colcon_pkg']
[2.684s] Level 1:colcon.colcon_core.package_identification:_identify(.) by extension 'colcon_pkg'
[2.684s] Level 1:colcon.colcon_core.package_identification:_identify(.) by extensions ['colcon_meta']
[2.684s] Level 1:colcon.colcon_core.package_identification:_identify(.) by extension 'colcon_meta'
[2.684s] Level 1:colcon.colcon_core.package_identification:_identify(.) by extensions ['ros']
[2.684s] Level 1:colcon.colcon_core.package_identification:_identify(.) by extension 'ros'
[2.780s] Level 1:colcon.colcon_core.package_identification:_identify(.) by extensions ['cmake', 'python']
[2.780s] Level 1:colcon.colcon_core.package_identification:_identify(.) by extension 'cmake'
[2.780s] Level 1:colcon.colcon_core.package_identification:_identify(.) by extension 'python'
[2.780s] Level 1:colcon.colcon_core.package_identification:_identify(.) by extensions ['python_setup_py']
[2.780s] Level 1:colcon.colcon_core.package_identification:_identify(.) by extension 'python_setup_py'
[2.780s] Level 1:colcon.colcon_core.package_identification:_identify(build) by extensions ['ignore', 'ignore_ament_install']
[2.780s] Level 1:colcon.colcon_core.package_identification:_identify(build) by extension 'ignore'
[2.780s] Level 1:colcon.colcon_core.package_identification:_identify(build) ignored
[2.780s] Level 1:colcon.colcon_core.package_identification:_identify(install) by extensions ['ignore', 'ignore_ament_install']
[2.780s] Level 1:colcon.colcon_core.package_identification:_identify(install) by extension 'ignore'
[2.781s] Level 1:colcon.colcon_core.package_identification:_identify(install) ignored
[2.781s] Level 1:colcon.colcon_core.package_identification:_identify(log) by extensions ['ignore', 'ignore_ament_install']
[2.781s] Level 1:colcon.colcon_core.package_identification:_identify(log) by extension 'ignore'
[2.781s] Level 1:colcon.colcon_core.package_identification:_identify(log) ignored
[2.781s] Level 1:colcon.colcon_core.package_identification:_identify(src) by extensions ['ignore', 'ignore_ament_install']
[2.781s] Level 1:colcon.colcon_core.package_identification:_identify(src) by extension 'ignore'
[2.781s] Level 1:colcon.colcon_core.package_identification:_identify(src) by extension 'ignore_ament_install'
[2.781s] Level 1:colcon.colcon_core.package_identification:_identify(src) by extensions ['colcon_pkg']
[2.781s] Level 1:colcon.colcon_core.package_identification:_identify(src) by extension 'colcon_pkg'
[2.781s] Level 1:colcon.colcon_core.package_identification:_identify(src) by extensions ['colcon_meta']
[2.781s] Level 1:colcon.colcon_core.package_identification:_identify(src) by extension 'colcon_meta'
[2.781s] Level 1:colcon.colcon_core.package_identification:_identify(src) by extensions ['ros']
[2.781s] Level 1:colcon.colcon_core.package_identification:_identify(src) by extension 'ros'
[2.781s] Level 1:colcon.colcon_core.package_identification:_identify(src) by extensions ['cmake', 'python']
[2.781s] Level 1:colcon.colcon_core.package_identification:_identify(src) by extension 'cmake'
[2.781s] Level 1:colcon.colcon_core.package_identification:_identify(src) by extension 'python'
[2.781s] Level 1:colcon.colcon_core.package_identification:_identify(src) by extensions ['python_setup_py']
[2.781s] Level 1:colcon.colcon_core.package_identification:_identify(src) by extension 'python_setup_py'
[2.782s] Level 1:colcon.colcon_core.package_identification:_identify(src/nav2_new_features) by extensions ['ignore', 'ignore_ament_install']
[2.782s] Level 1:colcon.colcon_core.package_identification:_identify(src/nav2_new_features) by extension 'ignore'
[2.782s] Level 1:colcon.colcon_core.package_identification:_identify(src/nav2_new_features) by extension 'ignore_ament_install'
[2.782s] Level 1:colcon.colcon_core.package_identification:_identify(src/nav2_new_features) by extensions ['colcon_pkg']
[2.782s] Level 1:colcon.colcon_core.package_identification:_identify(src/nav2_new_features) by extension 'colcon_pkg'
[2.782s] Level 1:colcon.colcon_core.package_identification:_identify(src/nav2_new_features) by extensions ['colcon_meta']
[2.782s] Level 1:colcon.colcon_core.package_identification:_identify(src/nav2_new_features) by extension 'colcon_meta'
[2.782s] Level 1:colcon.colcon_core.package_identification:_identify(src/nav2_new_features) by extensions ['ros']
[2.782s] Level 1:colcon.colcon_core.package_identification:_identify(src/nav2_new_features) by extension 'ros'
[2.786s] DEBUG:colcon.colcon_core.package_identification:Package 'src/nav2_new_features' with type 'ros.ament_python' and name 'nav2_new_features'
[2.786s] Level 1:colcon.colcon_core.package_identification:_identify(src/nav2_pkgs) by extensions ['ignore', 'ignore_ament_install']
[2.786s] Level 1:colcon.colcon_core.package_identification:_identify(src/nav2_pkgs) by extension 'ignore'
[2.786s] Level 1:colcon.colcon_core.package_identification:_identify(src/nav2_pkgs) by extension 'ignore_ament_install'
[2.787s] Level 1:colcon.colcon_core.package_identification:_identify(src/nav2_pkgs) by extensions ['colcon_pkg']
[2.787s] Level 1:colcon.colcon_core.package_identification:_identify(src/nav2_pkgs) by extension 'colcon_pkg'
[2.787s] Level 1:colcon.colcon_core.package_identification:_identify(src/nav2_pkgs) by extensions ['colcon_meta']
[2.787s] Level 1:colcon.colcon_core.package_identification:_identify(src/nav2_pkgs) by extension 'colcon_meta'
[2.787s] Level 1:colcon.colcon_core.package_identification:_identify(src/nav2_pkgs) by extensions ['ros']
[2.787s] Level 1:colcon.colcon_core.package_identification:_identify(src/nav2_pkgs) by extension 'ros'
[2.787s] Level 1:colcon.colcon_core.package_identification:_identify(src/nav2_pkgs) by extensions ['cmake', 'python']
[2.787s] Level 1:colcon.colcon_core.package_identification:_identify(src/nav2_pkgs) by extension 'cmake'
[2.787s] Level 1:colcon.colcon_core.package_identification:_identify(src/nav2_pkgs) by extension 'python'
[2.787s] Level 1:colcon.colcon_core.package_identification:_identify(src/nav2_pkgs) by extensions ['python_setup_py']
[2.787s] Level 1:colcon.colcon_core.package_identification:_identify(src/nav2_pkgs) by extension 'python_setup_py'
[2.787s] Level 1:colcon.colcon_core.package_identification:_identify(src/nav2_pkgs/localization_server) by extensions ['ignore', 'ignore_ament_install']
[2.787s] Level 1:colcon.colcon_core.package_identification:_identify(src/nav2_pkgs/localization_server) by extension 'ignore'
[2.787s] Level 1:colcon.colcon_core.package_identification:_identify(src/nav2_pkgs/localization_server) by extension 'ignore_ament_install'
[2.787s] Level 1:colcon.colcon_core.package_identification:_identify(src/nav2_pkgs/localization_server) by extensions ['colcon_pkg']
[2.787s] Level 1:colcon.colcon_core.package_identification:_identify(src/nav2_pkgs/localization_server) by extension 'colcon_pkg'
[2.787s] Level 1:colcon.colcon_core.package_identification:_identify(src/nav2_pkgs/localization_server) by extensions ['colcon_meta']
[2.787s] Level 1:colcon.colcon_core.package_identification:_identify(src/nav2_pkgs/localization_server) by extension 'colcon_meta'
[2.787s] Level 1:colcon.colcon_core.package_identification:_identify(src/nav2_pkgs/localization_server) by extensions ['ros']
[2.787s] Level 1:colcon.colcon_core.package_identification:_identify(src/nav2_pkgs/localization_server) by extension 'ros'
[2.789s] DEBUG:colcon.colcon_core.package_identification:Package 'src/nav2_pkgs/localization_server' with type 'ros.ament_python' and name 'localization_server'
[2.789s] Level 1:colcon.colcon_core.package_identification:_identify(src/nav2_pkgs/map_server) by extensions ['ignore', 'ignore_ament_install']
[2.789s] Level 1:colcon.colcon_core.package_identification:_identify(src/nav2_pkgs/map_server) by extension 'ignore'
[2.789s] Level 1:colcon.colcon_core.package_identification:_identify(src/nav2_pkgs/map_server) by extension 'ignore_ament_install'
[2.789s] Level 1:colcon.colcon_core.package_identification:_identify(src/nav2_pkgs/map_server) by extensions ['colcon_pkg']
[2.789s] Level 1:colcon.colcon_core.package_identification:_identify(src/nav2_pkgs/map_server) by extension 'colcon_pkg'
[2.789s] Level 1:colcon.colcon_core.package_identification:_identify(src/nav2_pkgs/map_server) by extensions ['colcon_meta']
[2.789s] Level 1:colcon.colcon_core.package_identification:_identify(src/nav2_pkgs/map_server) by extension 'colcon_meta'
[2.789s] Level 1:colcon.colcon_core.package_identification:_identify(src/nav2_pkgs/map_server) by extensions ['ros']
[2.789s] Level 1:colcon.colcon_core.package_identification:_identify(src/nav2_pkgs/map_server) by extension 'ros'
[2.790s] DEBUG:colcon.colcon_core.package_identification:Package 'src/nav2_pkgs/map_server' with type 'ros.ament_python' and name 'map_server'
[2.790s] Level 1:colcon.colcon_core.package_identification:_identify(src/nav2_pkgs/path_planner_server) by extensions ['ignore', 'ignore_ament_install']
[2.790s] Level 1:colcon.colcon_core.package_identification:_identify(src/nav2_pkgs/path_planner_server) by extension 'ignore'
[2.790s] Level 1:colcon.colcon_core.package_identification:_identify(src/nav2_pkgs/path_planner_server) by extension 'ignore_ament_install'
[2.790s] Level 1:colcon.colcon_core.package_identification:_identify(src/nav2_pkgs/path_planner_server) by extensions ['colcon_pkg']
[2.790s] Level 1:colcon.colcon_core.package_identification:_identify(src/nav2_pkgs/path_planner_server) by extension 'colcon_pkg'
[2.790s] Level 1:colcon.colcon_core.package_identification:_identify(src/nav2_pkgs/path_planner_server) by extensions ['colcon_meta']
[2.790s] Level 1:colcon.colcon_core.package_identification:_identify(src/nav2_pkgs/path_planner_server) by extension 'colcon_meta'
[2.790s] Level 1:colcon.colcon_core.package_identification:_identify(src/nav2_pkgs/path_planner_server) by extensions ['ros']
[2.790s] Level 1:colcon.colcon_core.package_identification:_identify(src/nav2_pkgs/path_planner_server) by extension 'ros'
[2.791s] DEBUG:colcon.colcon_core.package_identification:Package 'src/nav2_pkgs/path_planner_server' with type 'ros.ament_python' and name 'path_planner_server'
[2.791s] Level 1:colcon.colcon_core.package_discovery:discover_packages(recursive) using defaults
[2.791s] Level 1:colcon.colcon_core.package_discovery:discover_packages(ignore) discover
[2.791s] Level 1:colcon.colcon_core.package_discovery:discover_packages(ignore) using defaults
[2.791s] Level 1:colcon.colcon_core.package_discovery:discover_packages(path) discover
[2.791s] Level 1:colcon.colcon_core.package_discovery:discover_packages(path) using defaults
[2.832s] Level 1:colcon.colcon_core.package_discovery:discover_packages(prefix_path) check parameters
[2.832s] Level 1:colcon.colcon_core.package_discovery:discover_packages(prefix_path) discover
[2.836s] Level 1:colcon.colcon_core.package_discovery:discover_packages(prefix_path) using defaults
[2.839s] Level 5:colcon.colcon_core.verb:set package 'localization_server' build argument 'cmake_args' from command line to 'None'
[2.839s] Level 5:colcon.colcon_core.verb:set package 'localization_server' build argument 'cmake_target' from command line to 'None'
[2.839s] Level 5:colcon.colcon_core.verb:set package 'localization_server' build argument 'cmake_target_skip_unavailable' from command line to 'False'
[2.839s] Level 5:colcon.colcon_core.verb:set package 'localization_server' build argument 'cmake_clean_cache' from command line to 'False'
[2.839s] Level 5:colcon.colcon_core.verb:set package 'localization_server' build argument 'cmake_clean_first' from command line to 'False'
[2.839s] Level 5:colcon.colcon_core.verb:set package 'localization_server' build argument 'cmake_force_configure' from command line to 'False'
[2.839s] Level 5:colcon.colcon_core.verb:set package 'localization_server' build argument 'ament_cmake_args' from command line to 'None'
[2.839s] Level 5:colcon.colcon_core.verb:set package 'localization_server' build argument 'catkin_cmake_args' from command line to 'None'
[2.839s] Level 5:colcon.colcon_core.verb:set package 'localization_server' build argument 'catkin_skip_building_tests' from command line to 'False'
[2.839s] DEBUG:colcon.colcon_core.verb:Building package 'localization_server' with the following arguments: {'ament_cmake_args': None, 'build_base': '/home/user/ros2_ws/build/localization_server', 'catkin_cmake_args': None, 'catkin_skip_building_tests': False, 'cmake_args': None, 'cmake_clean_cache': False, 'cmake_clean_first': False, 'cmake_force_configure': False, 'cmake_target': None, 'cmake_target_skip_unavailable': False, 'install_base': '/home/user/ros2_ws/install/localization_server', 'merge_install': False, 'path': '/home/user/ros2_ws/src/nav2_pkgs/localization_server', 'symlink_install': False, 'test_result_base': None}
[2.841s] Level 5:colcon.colcon_core.verb:set package 'map_server' build argument 'cmake_args' from command line to 'None'
[2.841s] Level 5:colcon.colcon_core.verb:set package 'map_server' build argument 'cmake_target' from command line to 'None'
[2.841s] Level 5:colcon.colcon_core.verb:set package 'map_server' build argument 'cmake_target_skip_unavailable' from command line to 'False'
[2.841s] Level 5:colcon.colcon_core.verb:set package 'map_server' build argument 'cmake_clean_cache' from command line to 'False'
[2.841s] Level 5:colcon.colcon_core.verb:set package 'map_server' build argument 'cmake_clean_first' from command line to 'False'
[2.841s] Level 5:colcon.colcon_core.verb:set package 'map_server' build argument 'cmake_force_configure' from command line to 'False'
[2.841s] Level 5:colcon.colcon_core.verb:set package 'map_server' build argument 'ament_cmake_args' from command line to 'None'
[2.842s] Level 5:colcon.colcon_core.verb:set package 'map_server' build argument 'catkin_cmake_args' from command line to 'None'
[2.842s] Level 5:colcon.colcon_core.verb:set package 'map_server' build argument 'catkin_skip_building_tests' from command line to 'False'
[2.842s] DEBUG:colcon.colcon_core.verb:Building package 'map_server' with the following arguments: {'ament_cmake_args': None, 'build_base': '/home/user/ros2_ws/build/map_server', 'catkin_cmake_args': None, 'catkin_skip_building_tests': False, 'cmake_args': None, 'cmake_clean_cache': False, 'cmake_clean_first': False, 'cmake_force_configure': False, 'cmake_target': None, 'cmake_target_skip_unavailable': False, 'install_base': '/home/user/ros2_ws/install/map_server', 'merge_install': False, 'path': '/home/user/ros2_ws/src/nav2_pkgs/map_server', 'symlink_install': False, 'test_result_base': None}
[2.844s] Level 5:colcon.colcon_core.verb:set package 'nav2_new_features' build argument 'cmake_args' from command line to 'None'
[2.844s] Level 5:colcon.colcon_core.verb:set package 'nav2_new_features' build argument 'cmake_target' from command line to 'None'
[2.844s] Level 5:colcon.colcon_core.verb:set package 'nav2_new_features' build argument 'cmake_target_skip_unavailable' from command line to 'False'
[2.844s] Level 5:colcon.colcon_core.verb:set package 'nav2_new_features' build argument 'cmake_clean_cache' from command line to 'False'
[2.844s] Level 5:colcon.colcon_core.verb:set package 'nav2_new_features' build argument 'cmake_clean_first' from command line to 'False'
[2.844s] Level 5:colcon.colcon_core.verb:set package 'nav2_new_features' build argument 'cmake_force_configure' from command line to 'False'
[2.844s] Level 5:colcon.colcon_core.verb:set package 'nav2_new_features' build argument 'ament_cmake_args' from command line to 'None'
[2.844s] Level 5:colcon.colcon_core.verb:set package 'nav2_new_features' build argument 'catkin_cmake_args' from command line to 'None'
[2.844s] Level 5:colcon.colcon_core.verb:set package 'nav2_new_features' build argument 'catkin_skip_building_tests' from command line to 'False'
[2.844s] DEBUG:colcon.colcon_core.verb:Building package 'nav2_new_features' with the following arguments: {'ament_cmake_args': None, 'build_base': '/home/user/ros2_ws/build/nav2_new_features', 'catkin_cmake_args': None, 'catkin_skip_building_tests': False, 'cmake_args': None, 'cmake_clean_cache': False, 'cmake_clean_first': False, 'cmake_force_configure': False, 'cmake_target': None, 'cmake_target_skip_unavailable': False, 'install_base': '/home/user/ros2_ws/install/nav2_new_features', 'merge_install': False, 'path': '/home/user/ros2_ws/src/nav2_new_features', 'symlink_install': False, 'test_result_base': None}
[2.846s] Level 5:colcon.colcon_core.verb:set package 'path_planner_server' build argument 'cmake_args' from command line to 'None'
[2.846s] Level 5:colcon.colcon_core.verb:set package 'path_planner_server' build argument 'cmake_target' from command line to 'None'
[2.846s] Level 5:colcon.colcon_core.verb:set package 'path_planner_server' build argument 'cmake_target_skip_unavailable' from command line to 'False'
[2.846s] Level 5:colcon.colcon_core.verb:set package 'path_planner_server' build argument 'cmake_clean_cache' from command line to 'False'
[2.846s] Level 5:colcon.colcon_core.verb:set package 'path_planner_server' build argument 'cmake_clean_first' from command line to 'False'
[2.846s] Level 5:colcon.colcon_core.verb:set package 'path_planner_server' build argument 'cmake_force_configure' from command line to 'False'
[2.846s] Level 5:colcon.colcon_core.verb:set package 'path_planner_server' build argument 'ament_cmake_args' from command line to 'None'
[2.846s] Level 5:colcon.colcon_core.verb:set package 'path_planner_server' build argument 'catkin_cmake_args' from command line to 'None'
[2.846s] Level 5:colcon.colcon_core.verb:set package 'path_planner_server' build argument 'catkin_skip_building_tests' from command line to 'False'
[2.846s] DEBUG:colcon.colcon_core.verb:Building package 'path_planner_server' with the following arguments: {'ament_cmake_args': None, 'build_base': '/home/user/ros2_ws/build/path_planner_server', 'catkin_cmake_args': None, 'catkin_skip_building_tests': False, 'cmake_args': None, 'cmake_clean_cache': False, 'cmake_clean_first': False, 'cmake_force_configure': False, 'cmake_target': None, 'cmake_target_skip_unavailable': False, 'install_base': '/home/user/ros2_ws/install/path_planner_server', 'merge_install': False, 'path': '/home/user/ros2_ws/src/nav2_pkgs/path_planner_server', 'symlink_install': False, 'test_result_base': None}
[2.846s] INFO:colcon.colcon_core.executor:Executing jobs using 'parallel' executor
[2.848s] DEBUG:colcon.colcon_parallel_executor.executor.parallel:run_until_complete
[2.848s] INFO:colcon.colcon_ros.task.ament_python.build:Building ROS package in '/home/user/ros2_ws/src/nav2_pkgs/localization_server' with build type 'ament_python'
[2.849s] Level 1:colcon.colcon_core.shell:create_environment_hook('localization_server', 'ament_prefix_path')
[2.856s] INFO:colcon.colcon_core.plugin_system:Skipping extension 'colcon_core.shell.bat': Not used on non-Windows systems
[2.856s] INFO:colcon.colcon_core.shell:Creating environment hook '/home/user/ros2_ws/install/localization_server/share/localization_server/hook/ament_prefix_path.ps1'
[2.857s] INFO:colcon.colcon_core.shell:Creating environment descriptor '/home/user/ros2_ws/install/localization_server/share/localization_server/hook/ament_prefix_path.dsv'
[2.858s] INFO:colcon.colcon_core.shell:Creating environment hook '/home/user/ros2_ws/install/localization_server/share/localization_server/hook/ament_prefix_path.sh'
[2.859s] INFO:colcon.colcon_core.shell:Skip shell extension 'powershell' for command environment: Not usable outside of PowerShell
[2.860s] DEBUG:colcon.colcon_core.shell:Skip shell extension 'dsv' for command environment
[2.861s] DEBUG:colcon.colcon_core.shell:Ignoring prefix path '/opt/ros/galactic'
[2.864s] INFO:colcon.colcon_ros.task.ament_python.build:Building ROS package in '/home/user/ros2_ws/src/nav2_pkgs/map_server' with build type 'ament_python'
[2.864s] Level 1:colcon.colcon_core.shell:create_environment_hook('map_server', 'ament_prefix_path')
[2.866s] INFO:colcon.colcon_core.shell:Creating environment hook '/home/user/ros2_ws/install/map_server/share/map_server/hook/ament_prefix_path.ps1'
[2.866s] INFO:colcon.colcon_core.shell:Creating environment descriptor '/home/user/ros2_ws/install/map_server/share/map_server/hook/ament_prefix_path.dsv'
[2.867s] INFO:colcon.colcon_core.shell:Creating environment hook '/home/user/ros2_ws/install/map_server/share/map_server/hook/ament_prefix_path.sh'
[2.868s] INFO:colcon.colcon_core.shell:Skip shell extension 'powershell' for command environment: Not usable outside of PowerShell
[2.868s] DEBUG:colcon.colcon_core.shell:Skip shell extension 'dsv' for command environment
[2.870s] DEBUG:colcon.colcon_core.shell:Ignoring prefix path '/opt/ros/galactic'
[2.872s] INFO:colcon.colcon_ros.task.ament_python.build:Building ROS package in '/home/user/ros2_ws/src/nav2_new_features' with build type 'ament_python'
[2.872s] Level 1:colcon.colcon_core.shell:create_environment_hook('nav2_new_features', 'ament_prefix_path')
[2.873s] INFO:colcon.colcon_core.shell:Creating environment hook '/home/user/ros2_ws/install/nav2_new_features/share/nav2_new_features/hook/ament_prefix_path.ps1'
[2.874s] INFO:colcon.colcon_core.shell:Creating environment descriptor '/home/user/ros2_ws/install/nav2_new_features/share/nav2_new_features/hook/ament_prefix_path.dsv'
[2.874s] INFO:colcon.colcon_core.shell:Creating environment hook '/home/user/ros2_ws/install/nav2_new_features/share/nav2_new_features/hook/ament_prefix_path.sh'
[2.875s] INFO:colcon.colcon_core.shell:Skip shell extension 'powershell' for command environment: Not usable outside of PowerShell
[2.875s] DEBUG:colcon.colcon_core.shell:Skip shell extension 'dsv' for command environment
[2.877s] DEBUG:colcon.colcon_core.shell:Ignoring prefix path '/opt/ros/galactic'
[2.879s] INFO:colcon.colcon_ros.task.ament_python.build:Building ROS package in '/home/user/ros2_ws/src/nav2_pkgs/path_planner_server' with build type 'ament_python'
[2.879s] Level 1:colcon.colcon_core.shell:create_environment_hook('path_planner_server', 'ament_prefix_path')
[2.880s] INFO:colcon.colcon_core.shell:Creating environment hook '/home/user/ros2_ws/install/path_planner_server/share/path_planner_server/hook/ament_prefix_path.ps1'
[2.881s] INFO:colcon.colcon_core.shell:Creating environment descriptor '/home/user/ros2_ws/install/path_planner_server/share/path_planner_server/hook/ament_prefix_path.dsv'
[2.882s] INFO:colcon.colcon_core.shell:Creating environment hook '/home/user/ros2_ws/install/path_planner_server/share/path_planner_server/hook/ament_prefix_path.sh'
[2.883s] INFO:colcon.colcon_core.shell:Skip shell extension 'powershell' for command environment: Not usable outside of PowerShell
[2.883s] DEBUG:colcon.colcon_core.shell:Skip shell extension 'dsv' for command environment
[2.884s] DEBUG:colcon.colcon_core.shell:Ignoring prefix path '/opt/ros/galactic'
[3.125s] INFO:colcon.colcon_core.task.python.build:Building Python package in '/home/user/ros2_ws/src/nav2_pkgs/localization_server'
[3.126s] INFO:colcon.colcon_core.shell:Skip shell extension 'powershell' for command environment: Not usable outside of PowerShell
[3.126s] DEBUG:colcon.colcon_core.shell:Skip shell extension 'dsv' for command environment
[3.128s] DEBUG:colcon.colcon_core.shell:Ignoring prefix path '/opt/ros/galactic'
[3.610s] INFO:colcon.colcon_core.task.python.build:Building Python package in '/home/user/ros2_ws/src/nav2_pkgs/map_server'
[3.612s] INFO:colcon.colcon_core.shell:Skip shell extension 'powershell' for command environment: Not usable outside of PowerShell
[3.612s] DEBUG:colcon.colcon_core.shell:Skip shell extension 'dsv' for command environment
[3.614s] DEBUG:colcon.colcon_core.shell:Ignoring prefix path '/opt/ros/galactic'
[3.946s] INFO:colcon.colcon_core.task.python.build:Building Python package in '/home/user/ros2_ws/src/nav2_new_features'
[3.948s] INFO:colcon.colcon_core.shell:Skip shell extension 'powershell' for command environment: Not usable outside of PowerShell
[3.948s] DEBUG:colcon.colcon_core.shell:Skip shell extension 'dsv' for command environment
[3.950s] DEBUG:colcon.colcon_core.shell:Ignoring prefix path '/opt/ros/galactic'
[4.356s] INFO:colcon.colcon_core.task.python.build:Building Python package in '/home/user/ros2_ws/src/nav2_pkgs/path_planner_server'
[4.357s] INFO:colcon.colcon_core.shell:Skip shell extension 'powershell' for command environment: Not usable outside of PowerShell
[4.358s] DEBUG:colcon.colcon_core.shell:Skip shell extension 'dsv' for command environment
[4.360s] DEBUG:colcon.colcon_core.shell:Ignoring prefix path '/opt/ros/galactic'
[7.313s] DEBUG:colcon.colcon_core.event_handler.log_command:Invoking command in '/home/user/ros2_ws/src/nav2_pkgs/map_server': PYTHONPATH=/home/user/ros2_ws/install/map_server/lib/python3.8/site-packages:${PYTHONPATH} _=/usr/bin/env /usr/bin/python3 setup.py egg_info --egg-base ../../../build/map_server build --build-base /home/user/ros2_ws/build/map_server/build install --prefix /home/user/ros2_ws/install/map_server --record /home/user/ros2_ws/build/map_server/install.log --single-version-externally-managed
[7.327s] DEBUG:colcon.colcon_core.event_handler.log_command:Invoking command in '/home/user/ros2_ws/src/nav2_pkgs/localization_server': PYTHONPATH=/home/user/ros2_ws/install/localization_server/lib/python3.8/site-packages:${PYTHONPATH} _=/usr/bin/env /usr/bin/python3 setup.py egg_info --egg-base ../../../build/localization_server build --build-base /home/user/ros2_ws/build/localization_server/build install --prefix /home/user/ros2_ws/install/localization_server --record /home/user/ros2_ws/build/localization_server/install.log --single-version-externally-managed
[7.335s] DEBUG:colcon.colcon_core.event_handler.log_command:Invoking command in '/home/user/ros2_ws/src/nav2_new_features': PYTHONPATH=/home/user/ros2_ws/install/nav2_new_features/lib/python3.8/site-packages:${PYTHONPATH} _=/usr/bin/env /usr/bin/python3 setup.py egg_info --egg-base ../../build/nav2_new_features build --build-base /home/user/ros2_ws/build/nav2_new_features/build install --prefix /home/user/ros2_ws/install/nav2_new_features --record /home/user/ros2_ws/build/nav2_new_features/install.log --single-version-externally-managed
[7.358s] DEBUG:colcon.colcon_core.event_handler.log_command:Invoking command in '/home/user/ros2_ws/src/nav2_pkgs/path_planner_server': PYTHONPATH=/home/user/ros2_ws/install/path_planner_server/lib/python3.8/site-packages:${PYTHONPATH} _=/usr/bin/env /usr/bin/python3 setup.py egg_info --egg-base ../../../build/path_planner_server build --build-base /home/user/ros2_ws/build/path_planner_server/build install --prefix /home/user/ros2_ws/install/path_planner_server --record /home/user/ros2_ws/build/path_planner_server/install.log --single-version-externally-managed
[8.145s] DEBUG:colcon.colcon_core.event_handler.log_command:Invoked command in '/home/user/ros2_ws/src/nav2_pkgs/localization_server' returned '0': PYTHONPATH=/home/user/ros2_ws/install/localization_server/lib/python3.8/site-packages:${PYTHONPATH} _=/usr/bin/env /usr/bin/python3 setup.py egg_info --egg-base ../../../build/localization_server build --build-base /home/user/ros2_ws/build/localization_server/build install --prefix /home/user/ros2_ws/install/localization_server --record /home/user/ros2_ws/build/localization_server/install.log --single-version-externally-managed
[8.209s] Level 1:colcon.colcon_core.environment:checking '/home/user/ros2_ws/install/localization_server' for CMake module files
[8.210s] Level 1:colcon.colcon_core.environment:checking '/home/user/ros2_ws/install/localization_server' for CMake config files
[8.211s] Level 1:colcon.colcon_core.environment:checking '/home/user/ros2_ws/install/localization_server/lib'
[8.212s] Level 1:colcon.colcon_core.environment:checking '/home/user/ros2_ws/install/localization_server/bin'
[8.212s] Level 1:colcon.colcon_core.environment:checking '/home/user/ros2_ws/install/localization_server/lib/pkgconfig/localization_server.pc'
[8.212s] Level 1:colcon.colcon_core.environment:checking '/home/user/ros2_ws/install/localization_server/lib/python3.8/site-packages'
[8.212s] Level 1:colcon.colcon_core.shell:create_environment_hook('localization_server', 'pythonpath')
[8.213s] INFO:colcon.colcon_core.shell:Creating environment hook '/home/user/ros2_ws/install/localization_server/share/localization_server/hook/pythonpath.ps1'
[8.214s] INFO:colcon.colcon_core.shell:Creating environment descriptor '/home/user/ros2_ws/install/localization_server/share/localization_server/hook/pythonpath.dsv'
[8.215s] INFO:colcon.colcon_core.shell:Creating environment hook '/home/user/ros2_ws/install/localization_server/share/localization_server/hook/pythonpath.sh'
[8.216s] Level 1:colcon.colcon_core.environment:checking '/home/user/ros2_ws/install/localization_server/bin'
[8.216s] Level 1:colcon.colcon_core.environment:create_environment_scripts_only(localization_server)
[8.217s] INFO:colcon.colcon_core.shell:Creating package script '/home/user/ros2_ws/install/localization_server/share/localization_server/package.ps1'
[8.219s] INFO:colcon.colcon_core.shell:Creating package descriptor '/home/user/ros2_ws/install/localization_server/share/localization_server/package.dsv'
[8.223s] INFO:colcon.colcon_core.shell:Creating package script '/home/user/ros2_ws/install/localization_server/share/localization_server/package.sh'
[8.225s] INFO:colcon.colcon_core.shell:Creating package script '/home/user/ros2_ws/install/localization_server/share/localization_server/package.bash'
[8.228s] INFO:colcon.colcon_core.shell:Creating package script '/home/user/ros2_ws/install/localization_server/share/localization_server/package.zsh'
[8.231s] Level 1:colcon.colcon_core.environment:create_file_with_runtime_dependencies(/home/user/ros2_ws/install/localization_server/share/colcon-core/packages/localization_server)
[8.236s] Level 1:colcon.colcon_core.environment:checking '/home/user/ros2_ws/install/path_planner_server' for CMake module files
[8.237s] DEBUG:colcon.colcon_core.event_handler.log_command:Invoked command in '/home/user/ros2_ws/src/nav2_pkgs/path_planner_server' returned '0': PYTHONPATH=/home/user/ros2_ws/install/path_planner_server/lib/python3.8/site-packages:${PYTHONPATH} _=/usr/bin/env /usr/bin/python3 setup.py egg_info --egg-base ../../../build/path_planner_server build --build-base /home/user/ros2_ws/build/path_planner_server/build install --prefix /home/user/ros2_ws/install/path_planner_server --record /home/user/ros2_ws/build/path_planner_server/install.log --single-version-externally-managed
[8.237s] Level 1:colcon.colcon_core.environment:checking '/home/user/ros2_ws/install/path_planner_server' for CMake config files
[8.239s] Level 1:colcon.colcon_core.environment:checking '/home/user/ros2_ws/install/path_planner_server/lib'
[8.239s] Level 1:colcon.colcon_core.environment:checking '/home/user/ros2_ws/install/path_planner_server/bin'
[8.239s] Level 1:colcon.colcon_core.environment:checking '/home/user/ros2_ws/install/path_planner_server/lib/pkgconfig/path_planner_server.pc'
[8.239s] Level 1:colcon.colcon_core.environment:checking '/home/user/ros2_ws/install/path_planner_server/lib/python3.8/site-packages'
[8.239s] Level 1:colcon.colcon_core.shell:create_environment_hook('path_planner_server', 'pythonpath')
[8.240s] INFO:colcon.colcon_core.shell:Creating environment hook '/home/user/ros2_ws/install/path_planner_server/share/path_planner_server/hook/pythonpath.ps1'
[8.240s] INFO:colcon.colcon_core.shell:Creating environment descriptor '/home/user/ros2_ws/install/path_planner_server/share/path_planner_server/hook/pythonpath.dsv'
[8.241s] INFO:colcon.colcon_core.shell:Creating environment hook '/home/user/ros2_ws/install/path_planner_server/share/path_planner_server/hook/pythonpath.sh'
[8.241s] Level 1:colcon.colcon_core.environment:checking '/home/user/ros2_ws/install/path_planner_server/bin'
[8.241s] Level 1:colcon.colcon_core.environment:create_environment_scripts_only(path_planner_server)
[8.242s] INFO:colcon.colcon_core.shell:Creating package script '/home/user/ros2_ws/install/path_planner_server/share/path_planner_server/package.ps1'
[8.243s] INFO:colcon.colcon_core.shell:Creating package descriptor '/home/user/ros2_ws/install/path_planner_server/share/path_planner_server/package.dsv'
[8.243s] INFO:colcon.colcon_core.shell:Creating package script '/home/user/ros2_ws/install/path_planner_server/share/path_planner_server/package.sh'
[8.244s] INFO:colcon.colcon_core.shell:Creating package script '/home/user/ros2_ws/install/path_planner_server/share/path_planner_server/package.bash'
[8.244s] INFO:colcon.colcon_core.shell:Creating package script '/home/user/ros2_ws/install/path_planner_server/share/path_planner_server/package.zsh'
[8.245s] Level 1:colcon.colcon_core.environment:create_file_with_runtime_dependencies(/home/user/ros2_ws/install/path_planner_server/share/colcon-core/packages/path_planner_server)
[8.246s] Level 1:colcon.colcon_core.environment:checking '/home/user/ros2_ws/install/nav2_new_features' for CMake module files
[8.247s] Level 1:colcon.colcon_core.environment:checking '/home/user/ros2_ws/install/nav2_new_features' for CMake config files
[8.249s] Level 1:colcon.colcon_core.environment:checking '/home/user/ros2_ws/install/nav2_new_features/lib'
[8.249s] Level 1:colcon.colcon_core.environment:checking '/home/user/ros2_ws/install/nav2_new_features/bin'
[8.249s] Level 1:colcon.colcon_core.environment:checking '/home/user/ros2_ws/install/nav2_new_features/lib/pkgconfig/nav2_new_features.pc'
[8.249s] Level 1:colcon.colcon_core.environment:checking '/home/user/ros2_ws/install/nav2_new_features/lib/python3.8/site-packages'
[8.249s] Level 1:colcon.colcon_core.shell:create_environment_hook('nav2_new_features', 'pythonpath')
[8.247s] DEBUG:colcon.colcon_core.event_handler.log_command:Invoked command in '/home/user/ros2_ws/src/nav2_new_features' returned '0': PYTHONPATH=/home/user/ros2_ws/install/nav2_new_features/lib/python3.8/site-packages:${PYTHONPATH} _=/usr/bin/env /usr/bin/python3 setup.py egg_info --egg-base ../../build/nav2_new_features build --build-base /home/user/ros2_ws/build/nav2_new_features/build install --prefix /home/user/ros2_ws/install/nav2_new_features --record /home/user/ros2_ws/build/nav2_new_features/install.log --single-version-externally-managed
[8.250s] INFO:colcon.colcon_core.shell:Creating environment hook '/home/user/ros2_ws/install/nav2_new_features/share/nav2_new_features/hook/pythonpath.ps1'
[8.251s] INFO:colcon.colcon_core.shell:Creating environment descriptor '/home/user/ros2_ws/install/nav2_new_features/share/nav2_new_features/hook/pythonpath.dsv'
[8.251s] INFO:colcon.colcon_core.shell:Creating environment hook '/home/user/ros2_ws/install/nav2_new_features/share/nav2_new_features/hook/pythonpath.sh'
[8.252s] Level 1:colcon.colcon_core.environment:checking '/home/user/ros2_ws/install/nav2_new_features/bin'
[8.252s] Level 1:colcon.colcon_core.environment:create_environment_scripts_only(nav2_new_features)
[8.253s] INFO:colcon.colcon_core.shell:Creating package script '/home/user/ros2_ws/install/nav2_new_features/share/nav2_new_features/package.ps1'
[8.253s] INFO:colcon.colcon_core.shell:Creating package descriptor '/home/user/ros2_ws/install/nav2_new_features/share/nav2_new_features/package.dsv'
[8.254s] INFO:colcon.colcon_core.shell:Creating package script '/home/user/ros2_ws/install/nav2_new_features/share/nav2_new_features/package.sh'
[8.254s] INFO:colcon.colcon_core.shell:Creating package script '/home/user/ros2_ws/install/nav2_new_features/share/nav2_new_features/package.bash'
[8.255s] INFO:colcon.colcon_core.shell:Creating package script '/home/user/ros2_ws/install/nav2_new_features/share/nav2_new_features/package.zsh'
[8.255s] Level 1:colcon.colcon_core.environment:create_file_with_runtime_dependencies(/home/user/ros2_ws/install/nav2_new_features/share/colcon-core/packages/nav2_new_features)
[8.257s] Level 1:colcon.colcon_core.environment:checking '/home/user/ros2_ws/install/map_server' for CMake module files
[8.258s] Level 1:colcon.colcon_core.environment:checking '/home/user/ros2_ws/install/map_server' for CMake config files
[8.259s] DEBUG:colcon.colcon_core.event_handler.log_command:Invoked command in '/home/user/ros2_ws/src/nav2_pkgs/map_server' returned '0': PYTHONPATH=/home/user/ros2_ws/install/map_server/lib/python3.8/site-packages:${PYTHONPATH} _=/usr/bin/env /usr/bin/python3 setup.py egg_info --egg-base ../../../build/map_server build --build-base /home/user/ros2_ws/build/map_server/build install --prefix /home/user/ros2_ws/install/map_server --record /home/user/ros2_ws/build/map_server/install.log --single-version-externally-managed
[8.259s] Level 1:colcon.colcon_core.environment:checking '/home/user/ros2_ws/install/map_server/lib'
[8.260s] Level 1:colcon.colcon_core.environment:checking '/home/user/ros2_ws/install/map_server/bin'
[8.260s] Level 1:colcon.colcon_core.environment:checking '/home/user/ros2_ws/install/map_server/lib/pkgconfig/map_server.pc'
[8.260s] Level 1:colcon.colcon_core.environment:checking '/home/user/ros2_ws/install/map_server/lib/python3.8/site-packages'
[8.260s] Level 1:colcon.colcon_core.shell:create_environment_hook('map_server', 'pythonpath')
[8.260s] INFO:colcon.colcon_core.shell:Creating environment hook '/home/user/ros2_ws/install/map_server/share/map_server/hook/pythonpath.ps1'
[8.261s] INFO:colcon.colcon_core.shell:Creating environment descriptor '/home/user/ros2_ws/install/map_server/share/map_server/hook/pythonpath.dsv'
[8.261s] INFO:colcon.colcon_core.shell:Creating environment hook '/home/user/ros2_ws/install/map_server/share/map_server/hook/pythonpath.sh'
[8.262s] Level 1:colcon.colcon_core.environment:checking '/home/user/ros2_ws/install/map_server/bin'
[8.262s] Level 1:colcon.colcon_core.environment:create_environment_scripts_only(map_server)
[8.262s] INFO:colcon.colcon_core.shell:Creating package script '/home/user/ros2_ws/install/map_server/share/map_server/package.ps1'
[8.263s] INFO:colcon.colcon_core.shell:Creating package descriptor '/home/user/ros2_ws/install/map_server/share/map_server/package.dsv'
[8.263s] INFO:colcon.colcon_core.shell:Creating package script '/home/user/ros2_ws/install/map_server/share/map_server/package.sh'
[8.264s] INFO:colcon.colcon_core.shell:Creating package script '/home/user/ros2_ws/install/map_server/share/map_server/package.bash'
[8.264s] INFO:colcon.colcon_core.shell:Creating package script '/home/user/ros2_ws/install/map_server/share/map_server/package.zsh'
[8.264s] Level 1:colcon.colcon_core.environment:create_file_with_runtime_dependencies(/home/user/ros2_ws/install/map_server/share/colcon-core/packages/map_server)
[8.265s] DEBUG:colcon.colcon_parallel_executor.executor.parallel:closing loop
[8.265s] DEBUG:colcon.colcon_parallel_executor.executor.parallel:loop closed
[8.265s] DEBUG:colcon.colcon_parallel_executor.executor.parallel:run_until_complete finished with '0'
[8.265s] DEBUG:colcon.colcon_core.event_reactor:joining thread
[8.654s] INFO:colcon.colcon_core.plugin_system:Skipping extension 'colcon_notification.desktop_notification.notify_send': Could not find 'notify-send'
[8.654s] INFO:colcon.colcon_core.plugin_system:Skipping extension 'colcon_notification.desktop_notification.terminal_notifier': Not used on non-Darwin systems
[8.654s] INFO:colcon.colcon_core.plugin_system:Skipping extension 'colcon_notification.desktop_notification.win32': Not used on non-Windows systems
[8.654s] INFO:colcon.colcon_notification.desktop_notification:Sending desktop notification using 'notify2'
[8.752s] DEBUG:colcon.colcon_notification.desktop_notification.notify2:Failed to initialize notify2: org.freedesktop.DBus.Error.Spawn.ExecFailed: /usr/bin/dbus-launch terminated abnormally without any error message
[8.752s] DEBUG:colcon.colcon_core.event_reactor:joined thread
[8.754s] INFO:colcon.colcon_core.shell:Creating prefix script '/home/user/ros2_ws/install/local_setup.ps1'
[8.755s] INFO:colcon.colcon_core.shell:Creating prefix util module '/home/user/ros2_ws/install/_local_setup_util_ps1.py'
[8.757s] INFO:colcon.colcon_core.shell:Creating prefix chain script '/home/user/ros2_ws/install/setup.ps1'
[8.759s] INFO:colcon.colcon_core.shell:Creating prefix script '/home/user/ros2_ws/install/local_setup.sh'
[8.759s] INFO:colcon.colcon_core.shell:Creating prefix util module '/home/user/ros2_ws/install/_local_setup_util_sh.py'
[8.760s] INFO:colcon.colcon_core.shell:Creating prefix chain script '/home/user/ros2_ws/install/setup.sh'
[8.764s] INFO:colcon.colcon_core.shell:Creating prefix script '/home/user/ros2_ws/install/local_setup.bash'
[8.765s] INFO:colcon.colcon_core.shell:Creating prefix chain script '/home/user/ros2_ws/install/setup.bash'
[8.768s] INFO:colcon.colcon_core.shell:Creating prefix script '/home/user/ros2_ws/install/local_setup.zsh'
[8.768s] INFO:colcon.colcon_core.shell:Creating prefix chain script '/home/user/ros2_ws/install/setup.zsh'
