[3.687s] Invoking command in '/home/user/ros2_ws/src/nav2_pkgs/map_server': PYTHONPATH=/home/user/ros2_ws/install/map_server/lib/python3.8/site-packages:${PYTHONPATH} _=/usr/bin/env /usr/bin/python3 setup.py egg_info --egg-base ../../../build/map_server build --build-base /home/user/ros2_ws/build/map_server/build install --prefix /home/user/ros2_ws/install/map_server --record /home/user/ros2_ws/build/map_server/install.log --single-version-externally-managed
[5.037s] running egg_info
[5.038s] writing ../../../build/map_server/map_server.egg-info/PKG-INFO
[5.038s] writing dependency_links to ../../../build/map_server/map_server.egg-info/dependency_links.txt
[5.039s] writing entry points to ../../../build/map_server/map_server.egg-info/entry_points.txt
[5.039s] writing requirements to ../../../build/map_server/map_server.egg-info/requires.txt
[5.039s] writing top-level names to ../../../build/map_server/map_server.egg-info/top_level.txt
[5.146s] reading manifest file '../../../build/map_server/map_server.egg-info/SOURCES.txt'
[5.148s] writing manifest file '../../../build/map_server/map_server.egg-info/SOURCES.txt'
[5.155s] running build
[5.156s] running build_py
[5.156s] running install
[5.158s] running install_lib
[5.160s] running install_data
[5.169s] running install_egg_info
[5.175s] removing '/home/user/ros2_ws/install/map_server/lib/python3.8/site-packages/map_server-0.0.0-py3.8.egg-info' (and everything under it)
[5.177s] Copying ../../../build/map_server/map_server.egg-info to /home/user/ros2_ws/install/map_server/lib/python3.8/site-packages/map_server-0.0.0-py3.8.egg-info
[5.178s] running install_scripts
[5.238s] writing list of installed files to '/home/user/ros2_ws/build/map_server/install.log'
[5.305s] Invoked command in '/home/user/ros2_ws/src/nav2_pkgs/map_server' returned '0': PYTHONPATH=/home/user/ros2_ws/install/map_server/lib/python3.8/site-packages:${PYTHONPATH} _=/usr/bin/env /usr/bin/python3 setup.py egg_info --egg-base ../../../build/map_server build --build-base /home/user/ros2_ws/build/map_server/build install --prefix /home/user/ros2_ws/install/map_server --record /home/user/ros2_ws/build/map_server/install.log --single-version-externally-managed
