[2.209s] Invoking command in '/home/user/ros2_ws/src/nav2_pkgs/localization_server': PYTHONPATH=/home/user/ros2_ws/install/localization_server/lib/python3.8/site-packages:${PYTHONPATH} _=/usr/bin/env /usr/bin/python3 setup.py egg_info --egg-base ../../../build/localization_server build --build-base /home/user/ros2_ws/build/localization_server/build install --prefix /home/user/ros2_ws/install/localization_server --record /home/user/ros2_ws/build/localization_server/install.log --single-version-externally-managed
[2.689s] running egg_info
[2.689s] creating ../../../build/localization_server/localization_server.egg-info
[2.693s] writing ../../../build/localization_server/localization_server.egg-info/PKG-INFO
[2.693s] writing dependency_links to ../../../build/localization_server/localization_server.egg-info/dependency_links.txt
[2.693s] writing entry points to ../../../build/localization_server/localization_server.egg-info/entry_points.txt
[2.693s] writing requirements to ../../../build/localization_server/localization_server.egg-info/requires.txt
[2.693s] writing top-level names to ../../../build/localization_server/localization_server.egg-info/top_level.txt
[2.696s] writing manifest file '../../../build/localization_server/localization_server.egg-info/SOURCES.txt'
[2.760s] reading manifest file '../../../build/localization_server/localization_server.egg-info/SOURCES.txt'
[2.762s] writing manifest file '../../../build/localization_server/localization_server.egg-info/SOURCES.txt'
[2.762s] running build
[2.762s] running build_py
[2.762s] creating /home/user/ros2_ws/build/localization_server/build
[2.763s] creating /home/user/ros2_ws/build/localization_server/build/lib
[2.763s] creating /home/user/ros2_ws/build/localization_server/build/lib/localization_server
[2.769s] copying localization_server/__init__.py -> /home/user/ros2_ws/build/localization_server/build/lib/localization_server
[2.769s] running install
[2.771s] running install_lib
[2.773s] creating /home/user/ros2_ws/install/localization_server/lib/python3.8/site-packages/localization_server
[2.776s] copying /home/user/ros2_ws/build/localization_server/build/lib/localization_server/__init__.py -> /home/user/ros2_ws/install/localization_server/lib/python3.8/site-packages/localization_server
[2.777s] byte-compiling /home/user/ros2_ws/install/localization_server/lib/python3.8/site-packages/localization_server/__init__.py to __init__.cpython-38.pyc
[2.780s] running install_data
[2.781s] creating /home/user/ros2_ws/install/localization_server/share/ament_index
[2.781s] creating /home/user/ros2_ws/install/localization_server/share/ament_index/resource_index
[2.781s] creating /home/user/ros2_ws/install/localization_server/share/ament_index/resource_index/packages
[2.782s] copying resource/localization_server -> /home/user/ros2_ws/install/localization_server/share/ament_index/resource_index/packages
[2.783s] copying package.xml -> /home/user/ros2_ws/install/localization_server/share/localization_server
[2.786s] creating /home/user/ros2_ws/install/localization_server/share/localization_server/launch
[2.786s] copying launch/localization.launch.py -> /home/user/ros2_ws/install/localization_server/share/localization_server/launch
[2.786s] creating /home/user/ros2_ws/install/localization_server/share/localization_server/config
[2.787s] copying config/amcl_barista_demo.yaml -> /home/user/ros2_ws/install/localization_server/share/localization_server/config
[2.787s] copying config/amcl_config.yaml -> /home/user/ros2_ws/install/localization_server/share/localization_server/config
[2.788s] creating /home/user/ros2_ws/install/localization_server/share/localization_server/rviz_config
[2.788s] copying rviz_config/localization.rviz -> /home/user/ros2_ws/install/localization_server/share/localization_server/rviz_config
[2.788s] running install_egg_info
[2.791s] Copying ../../../build/localization_server/localization_server.egg-info to /home/user/ros2_ws/install/localization_server/lib/python3.8/site-packages/localization_server-0.0.0-py3.8.egg-info
[2.792s] running install_scripts
[2.823s] writing list of installed files to '/home/user/ros2_ws/build/localization_server/install.log'
[2.887s] Invoked command in '/home/user/ros2_ws/src/nav2_pkgs/localization_server' returned '0': PYTHONPATH=/home/user/ros2_ws/install/localization_server/lib/python3.8/site-packages:${PYTHONPATH} _=/usr/bin/env /usr/bin/python3 setup.py egg_info --egg-base ../../../build/localization_server build --build-base /home/user/ros2_ws/build/localization_server/build install --prefix /home/user/ros2_ws/install/localization_server --record /home/user/ros2_ws/build/localization_server/install.log --single-version-externally-managed
