[1.754s] Invoking command in '/home/user/ros2_ws/src/nav2_pkgs/localization_server': PYTHONPATH=/home/user/ros2_ws/install/localization_server/lib/python3.8/site-packages:${PYTHONPATH} _=/usr/bin/env /usr/bin/python3 setup.py egg_info --egg-base ../../../build/localization_server build --build-base /home/user/ros2_ws/build/localization_server/build install --prefix /home/user/ros2_ws/install/localization_server --record /home/user/ros2_ws/build/localization_server/install.log --single-version-externally-managed
[2.160s] running egg_info
[2.161s] writing ../../../build/localization_server/localization_server.egg-info/PKG-INFO
[2.162s] writing dependency_links to ../../../build/localization_server/localization_server.egg-info/dependency_links.txt
[2.162s] writing entry points to ../../../build/localization_server/localization_server.egg-info/entry_points.txt
[2.162s] writing requirements to ../../../build/localization_server/localization_server.egg-info/requires.txt
[2.162s] writing top-level names to ../../../build/localization_server/localization_server.egg-info/top_level.txt
[2.249s] reading manifest file '../../../build/localization_server/localization_server.egg-info/SOURCES.txt'
[2.250s] writing manifest file '../../../build/localization_server/localization_server.egg-info/SOURCES.txt'
[2.250s] running build
[2.250s] running build_py
[2.250s] running install
[2.251s] running install_lib
[2.253s] running install_data
[2.254s] running install_egg_info
[2.256s] removing '/home/user/ros2_ws/install/localization_server/lib/python3.8/site-packages/localization_server-0.0.0-py3.8.egg-info' (and everything under it)
[2.256s] Copying ../../../build/localization_server/localization_server.egg-info to /home/user/ros2_ws/install/localization_server/lib/python3.8/site-packages/localization_server-0.0.0-py3.8.egg-info
[2.257s] running install_scripts
[2.334s] writing list of installed files to '/home/user/ros2_ws/build/localization_server/install.log'
[2.357s] Invoked command in '/home/user/ros2_ws/src/nav2_pkgs/localization_server' returned '0': PYTHONPATH=/home/user/ros2_ws/install/localization_server/lib/python3.8/site-packages:${PYTHONPATH} _=/usr/bin/env /usr/bin/python3 setup.py egg_info --egg-base ../../../build/localization_server build --build-base /home/user/ros2_ws/build/localization_server/build install --prefix /home/user/ros2_ws/install/localization_server --record /home/user/ros2_ws/build/localization_server/install.log --single-version-externally-managed
