[4.478s] Invoking command in '/home/user/ros2_ws/src/nav2_pkgs/localization_server': PYTHONPATH=/home/user/ros2_ws/install/localization_server/lib/python3.8/site-packages:${PYTHONPATH} _=/usr/bin/env /usr/bin/python3 setup.py egg_info --egg-base ../../../build/localization_server build --build-base /home/user/ros2_ws/build/localization_server/build install --prefix /home/user/ros2_ws/install/localization_server --record /home/user/ros2_ws/build/localization_server/install.log --single-version-externally-managed
[5.109s] running egg_info
[5.109s] writing ../../../build/localization_server/localization_server.egg-info/PKG-INFO
[5.109s] writing dependency_links to ../../../build/localization_server/localization_server.egg-info/dependency_links.txt
[5.110s] writing entry points to ../../../build/localization_server/localization_server.egg-info/entry_points.txt
[5.110s] writing requirements to ../../../build/localization_server/localization_server.egg-info/requires.txt
[5.111s] writing top-level names to ../../../build/localization_server/localization_server.egg-info/top_level.txt
[5.228s] reading manifest file '../../../build/localization_server/localization_server.egg-info/SOURCES.txt'
[5.229s] writing manifest file '../../../build/localization_server/localization_server.egg-info/SOURCES.txt'
[5.229s] running build
[5.229s] running build_py
[5.230s] running install
[5.230s] running install_lib
[5.232s] running install_data
[5.232s] running install_egg_info
[5.234s] removing '/home/user/ros2_ws/install/localization_server/lib/python3.8/site-packages/localization_server-0.0.0-py3.8.egg-info' (and everything under it)
[5.235s] Copying ../../../build/localization_server/localization_server.egg-info to /home/user/ros2_ws/install/localization_server/lib/python3.8/site-packages/localization_server-0.0.0-py3.8.egg-info
[5.236s] running install_scripts
[5.260s] writing list of installed files to '/home/user/ros2_ws/build/localization_server/install.log'
[5.296s] Invoked command in '/home/user/ros2_ws/src/nav2_pkgs/localization_server' returned '0': PYTHONPATH=/home/user/ros2_ws/install/localization_server/lib/python3.8/site-packages:${PYTHONPATH} _=/usr/bin/env /usr/bin/python3 setup.py egg_info --egg-base ../../../build/localization_server build --build-base /home/user/ros2_ws/build/localization_server/build install --prefix /home/user/ros2_ws/install/localization_server --record /home/user/ros2_ws/build/localization_server/install.log --single-version-externally-managed
