[3.485s] Invoking command in '/home/user/ros2_ws/src/nav2_pkgs/localization_server': PYTHONPATH=/home/user/ros2_ws/install/localization_server/lib/python3.8/site-packages:${PYTHONPATH} _=/usr/bin/env /usr/bin/python3 setup.py egg_info --egg-base ../../../build/localization_server build --build-base /home/user/ros2_ws/build/localization_server/build install --prefix /home/user/ros2_ws/install/localization_server --record /home/user/ros2_ws/build/localization_server/install.log --single-version-externally-managed
[4.384s] running egg_info
[4.385s] writing ../../../build/localization_server/localization_server.egg-info/PKG-INFO
[4.386s] writing dependency_links to ../../../build/localization_server/localization_server.egg-info/dependency_links.txt
[4.386s] writing entry points to ../../../build/localization_server/localization_server.egg-info/entry_points.txt
[4.386s] writing requirements to ../../../build/localization_server/localization_server.egg-info/requires.txt
[4.386s] writing top-level names to ../../../build/localization_server/localization_server.egg-info/top_level.txt
[4.568s] reading manifest file '../../../build/localization_server/localization_server.egg-info/SOURCES.txt'
[4.572s] writing manifest file '../../../build/localization_server/localization_server.egg-info/SOURCES.txt'
[4.572s] running build
[4.572s] running build_py
[4.573s] running install
[4.573s] running install_lib
[4.576s] running install_data
[4.576s] running install_egg_info
[4.578s] removing '/home/user/ros2_ws/install/localization_server/lib/python3.8/site-packages/localization_server-0.0.0-py3.8.egg-info' (and everything under it)
[4.578s] Copying ../../../build/localization_server/localization_server.egg-info to /home/user/ros2_ws/install/localization_server/lib/python3.8/site-packages/localization_server-0.0.0-py3.8.egg-info
[4.579s] running install_scripts
[4.672s] writing list of installed files to '/home/user/ros2_ws/build/localization_server/install.log'
[4.773s] Invoked command in '/home/user/ros2_ws/src/nav2_pkgs/localization_server' returned '0': PYTHONPATH=/home/user/ros2_ws/install/localization_server/lib/python3.8/site-packages:${PYTHONPATH} _=/usr/bin/env /usr/bin/python3 setup.py egg_info --egg-base ../../../build/localization_server build --build-base /home/user/ros2_ws/build/localization_server/build install --prefix /home/user/ros2_ws/install/localization_server --record /home/user/ros2_ws/build/localization_server/install.log --single-version-externally-managed
