[3.610s] Invoking command in '/home/user/ros2_ws/src/nav2_new_features': PYTHONPATH=/home/user/ros2_ws/install/nav2_new_features/lib/python3.8/site-packages:${PYTHONPATH} _=/usr/bin/env /usr/bin/python3 setup.py egg_info --egg-base ../../build/nav2_new_features build --build-base /home/user/ros2_ws/build/nav2_new_features/build install --prefix /home/user/ros2_ws/install/nav2_new_features --record /home/user/ros2_ws/build/nav2_new_features/install.log --single-version-externally-managed
[4.043s] running egg_info
[4.044s] writing ../../build/nav2_new_features/nav2_new_features.egg-info/PKG-INFO
[4.045s] writing dependency_links to ../../build/nav2_new_features/nav2_new_features.egg-info/dependency_links.txt
[4.045s] writing entry points to ../../build/nav2_new_features/nav2_new_features.egg-info/entry_points.txt
[4.045s] writing requirements to ../../build/nav2_new_features/nav2_new_features.egg-info/requires.txt
[4.045s] writing top-level names to ../../build/nav2_new_features/nav2_new_features.egg-info/top_level.txt
[4.202s] reading manifest file '../../build/nav2_new_features/nav2_new_features.egg-info/SOURCES.txt'
[4.203s] writing manifest file '../../build/nav2_new_features/nav2_new_features.egg-info/SOURCES.txt'
[4.204s] running build
[4.204s] running build_py
[4.204s] running install
[4.205s] running install_lib
[4.207s] running install_data
[4.211s] running install_egg_info
[4.212s] removing '/home/user/ros2_ws/install/nav2_new_features/lib/python3.8/site-packages/nav2_new_features-0.0.0-py3.8.egg-info' (and everything under it)
[4.212s] Copying ../../build/nav2_new_features/nav2_new_features.egg-info to /home/user/ros2_ws/install/nav2_new_features/lib/python3.8/site-packages/nav2_new_features-0.0.0-py3.8.egg-info
[4.213s] running install_scripts
[4.235s] writing list of installed files to '/home/user/ros2_ws/build/nav2_new_features/install.log'
[4.319s] Invoked command in '/home/user/ros2_ws/src/nav2_new_features' returned '0': PYTHONPATH=/home/user/ros2_ws/install/nav2_new_features/lib/python3.8/site-packages:${PYTHONPATH} _=/usr/bin/env /usr/bin/python3 setup.py egg_info --egg-base ../../build/nav2_new_features build --build-base /home/user/ros2_ws/build/nav2_new_features/build install --prefix /home/user/ros2_ws/install/nav2_new_features --record /home/user/ros2_ws/build/nav2_new_features/install.log --single-version-externally-managed
