[2.433s] Invoking command in '/home/user/ros2_ws/src/nav2_pkgs/localization_server': PYTHONPATH=/home/user/ros2_ws/install/localization_server/lib/python3.8/site-packages:${PYTHONPATH} _=/usr/bin/env /usr/bin/python3 setup.py egg_info --egg-base ../../../build/localization_server build --build-base /home/user/ros2_ws/build/localization_server/build install --prefix /home/user/ros2_ws/install/localization_server --record /home/user/ros2_ws/build/localization_server/install.log --single-version-externally-managed
[3.143s] running egg_info
[3.144s] writing ../../../build/localization_server/localization_server.egg-info/PKG-INFO
[3.144s] writing dependency_links to ../../../build/localization_server/localization_server.egg-info/dependency_links.txt
[3.144s] writing entry points to ../../../build/localization_server/localization_server.egg-info/entry_points.txt
[3.144s] writing requirements to ../../../build/localization_server/localization_server.egg-info/requires.txt
[3.144s] writing top-level names to ../../../build/localization_server/localization_server.egg-info/top_level.txt
[3.240s] reading manifest file '../../../build/localization_server/localization_server.egg-info/SOURCES.txt'
[3.242s] writing manifest file '../../../build/localization_server/localization_server.egg-info/SOURCES.txt'
[3.242s] running build
[3.242s] running build_py
[3.242s] running install
[3.245s] running install_lib
[3.245s] running install_data
[3.246s] running install_egg_info
[3.283s] removing '/home/user/ros2_ws/install/localization_server/lib/python3.8/site-packages/localization_server-0.0.0-py3.8.egg-info' (and everything under it)
[3.283s] Copying ../../../build/localization_server/localization_server.egg-info to /home/user/ros2_ws/install/localization_server/lib/python3.8/site-packages/localization_server-0.0.0-py3.8.egg-info
[3.283s] running install_scripts
[3.321s] writing list of installed files to '/home/user/ros2_ws/build/localization_server/install.log'
[3.439s] Invoked command in '/home/user/ros2_ws/src/nav2_pkgs/localization_server' returned '0': PYTHONPATH=/home/user/ros2_ws/install/localization_server/lib/python3.8/site-packages:${PYTHONPATH} _=/usr/bin/env /usr/bin/python3 setup.py egg_info --egg-base ../../../build/localization_server build --build-base /home/user/ros2_ws/build/localization_server/build install --prefix /home/user/ros2_ws/install/localization_server --record /home/user/ros2_ws/build/localization_server/install.log --single-version-externally-managed
