[3.607s] Invoking command in '/home/user/ros2_ws/src/nav2_pkgs/path_planner_server': PYTHONPATH=/home/user/ros2_ws/install/path_planner_server/lib/python3.8/site-packages:${PYTHONPATH} _=/usr/bin/env /usr/bin/python3 setup.py egg_info --egg-base ../../../build/path_planner_server build --build-base /home/user/ros2_ws/build/path_planner_server/build install --prefix /home/user/ros2_ws/install/path_planner_server --record /home/user/ros2_ws/build/path_planner_server/install.log --single-version-externally-managed
[4.021s] running egg_info
[4.022s] writing ../../../build/path_planner_server/path_planner_server.egg-info/PKG-INFO
[4.022s] writing dependency_links to ../../../build/path_planner_server/path_planner_server.egg-info/dependency_links.txt
[4.023s] writing entry points to ../../../build/path_planner_server/path_planner_server.egg-info/entry_points.txt
[4.023s] writing requirements to ../../../build/path_planner_server/path_planner_server.egg-info/requires.txt
[4.023s] writing top-level names to ../../../build/path_planner_server/path_planner_server.egg-info/top_level.txt
[4.206s] reading manifest file '../../../build/path_planner_server/path_planner_server.egg-info/SOURCES.txt'
[4.206s] writing manifest file '../../../build/path_planner_server/path_planner_server.egg-info/SOURCES.txt'
[4.206s] running build
[4.206s] running build_py
[4.207s] running install
[4.208s] running install_lib
[4.211s] running install_data
[4.213s] running install_egg_info
[4.215s] removing '/home/user/ros2_ws/install/path_planner_server/lib/python3.8/site-packages/path_planner_server-0.0.0-py3.8.egg-info' (and everything under it)
[4.215s] Copying ../../../build/path_planner_server/path_planner_server.egg-info to /home/user/ros2_ws/install/path_planner_server/lib/python3.8/site-packages/path_planner_server-0.0.0-py3.8.egg-info
[4.217s] running install_scripts
[4.237s] writing list of installed files to '/home/user/ros2_ws/build/path_planner_server/install.log'
[4.368s] Invoked command in '/home/user/ros2_ws/src/nav2_pkgs/path_planner_server' returned '0': PYTHONPATH=/home/user/ros2_ws/install/path_planner_server/lib/python3.8/site-packages:${PYTHONPATH} _=/usr/bin/env /usr/bin/python3 setup.py egg_info --egg-base ../../../build/path_planner_server build --build-base /home/user/ros2_ws/build/path_planner_server/build install --prefix /home/user/ros2_ws/install/path_planner_server --record /home/user/ros2_ws/build/path_planner_server/install.log --single-version-externally-managed
