[3.452s] Invoking command in '/home/user/ros2_ws/src/nav2_new_features': PYTHONPATH=/home/user/ros2_ws/install/nav2_new_features/lib/python3.8/site-packages:${PYTHONPATH} _=/usr/bin/env /usr/bin/python3 setup.py egg_info --egg-base ../../build/nav2_new_features build --build-base /home/user/ros2_ws/build/nav2_new_features/build install --prefix /home/user/ros2_ws/install/nav2_new_features --record /home/user/ros2_ws/build/nav2_new_features/install.log --single-version-externally-managed
[4.356s] running egg_info
[4.362s] writing ../../build/nav2_new_features/nav2_new_features.egg-info/PKG-INFO
[4.363s] writing dependency_links to ../../build/nav2_new_features/nav2_new_features.egg-info/dependency_links.txt
[4.364s] writing entry points to ../../build/nav2_new_features/nav2_new_features.egg-info/entry_points.txt
[4.364s] writing requirements to ../../build/nav2_new_features/nav2_new_features.egg-info/requires.txt
[4.364s] writing top-level names to ../../build/nav2_new_features/nav2_new_features.egg-info/top_level.txt
[4.578s] reading manifest file '../../build/nav2_new_features/nav2_new_features.egg-info/SOURCES.txt'
[4.578s] writing manifest file '../../build/nav2_new_features/nav2_new_features.egg-info/SOURCES.txt'
[4.579s] running build
[4.579s] running build_py
[4.579s] running install
[4.580s] running install_lib
[4.585s] running install_data
[4.586s] running install_egg_info
[4.590s] removing '/home/user/ros2_ws/install/nav2_new_features/lib/python3.8/site-packages/nav2_new_features-0.0.0-py3.8.egg-info' (and everything under it)
[4.594s] Copying ../../build/nav2_new_features/nav2_new_features.egg-info to /home/user/ros2_ws/install/nav2_new_features/lib/python3.8/site-packages/nav2_new_features-0.0.0-py3.8.egg-info
[4.596s] running install_scripts
[4.663s] writing list of installed files to '/home/user/ros2_ws/build/nav2_new_features/install.log'
[4.770s] Invoked command in '/home/user/ros2_ws/src/nav2_new_features' returned '0': PYTHONPATH=/home/user/ros2_ws/install/nav2_new_features/lib/python3.8/site-packages:${PYTHONPATH} _=/usr/bin/env /usr/bin/python3 setup.py egg_info --egg-base ../../build/nav2_new_features build --build-base /home/user/ros2_ws/build/nav2_new_features/build install --prefix /home/user/ros2_ws/install/nav2_new_features --record /home/user/ros2_ws/build/nav2_new_features/install.log --single-version-externally-managed
