[1.964s] Invoking command in '/home/user/ros2_ws/src/nav2_pkgs/localization_server': PYTHONPATH=/home/user/ros2_ws/install/localization_server/lib/python3.8/site-packages:${PYTHONPATH} _=/usr/bin/env /usr/bin/python3 setup.py egg_info --egg-base ../../../build/localization_server build --build-base /home/user/ros2_ws/build/localization_server/build install --prefix /home/user/ros2_ws/install/localization_server --record /home/user/ros2_ws/build/localization_server/install.log --single-version-externally-managed
[2.518s] running egg_info
[2.518s] writing ../../../build/localization_server/localization_server.egg-info/PKG-INFO
[2.518s] writing dependency_links to ../../../build/localization_server/localization_server.egg-info/dependency_links.txt
[2.518s] writing entry points to ../../../build/localization_server/localization_server.egg-info/entry_points.txt
[2.519s] writing requirements to ../../../build/localization_server/localization_server.egg-info/requires.txt
[2.519s] writing top-level names to ../../../build/localization_server/localization_server.egg-info/top_level.txt
[2.628s] reading manifest file '../../../build/localization_server/localization_server.egg-info/SOURCES.txt'
[2.630s] writing manifest file '../../../build/localization_server/localization_server.egg-info/SOURCES.txt'
[2.630s] running build
[2.630s] running build_py
[2.630s] running install
[2.632s] running install_lib
[2.634s] running install_data
[2.634s] running install_egg_info
[2.636s] removing '/home/user/ros2_ws/install/localization_server/lib/python3.8/site-packages/localization_server-0.0.0-py3.8.egg-info' (and everything under it)
[2.637s] Copying ../../../build/localization_server/localization_server.egg-info to /home/user/ros2_ws/install/localization_server/lib/python3.8/site-packages/localization_server-0.0.0-py3.8.egg-info
[2.638s] running install_scripts
[2.727s] writing list of installed files to '/home/user/ros2_ws/build/localization_server/install.log'
[2.751s] Invoked command in '/home/user/ros2_ws/src/nav2_pkgs/localization_server' returned '0': PYTHONPATH=/home/user/ros2_ws/install/localization_server/lib/python3.8/site-packages:${PYTHONPATH} _=/usr/bin/env /usr/bin/python3 setup.py egg_info --egg-base ../../../build/localization_server build --build-base /home/user/ros2_ws/build/localization_server/build install --prefix /home/user/ros2_ws/install/localization_server --record /home/user/ros2_ws/build/localization_server/install.log --single-version-externally-managed
