[2.375s] Invoking command in '/home/user/ros2_ws/src/nav2_pkgs/localization_server': PYTHONPATH=/home/user/ros2_ws/install/localization_server/lib/python3.8/site-packages:${PYTHONPATH} _=/usr/bin/env /usr/bin/python3 setup.py egg_info --egg-base ../../../build/localization_server build --build-base /home/user/ros2_ws/build/localization_server/build install --prefix /home/user/ros2_ws/install/localization_server --record /home/user/ros2_ws/build/localization_server/install.log --single-version-externally-managed
[3.090s] running egg_info
[3.091s] writing ../../../build/localization_server/localization_server.egg-info/PKG-INFO
[3.091s] writing dependency_links to ../../../build/localization_server/localization_server.egg-info/dependency_links.txt
[3.091s] writing entry points to ../../../build/localization_server/localization_server.egg-info/entry_points.txt
[3.091s] writing requirements to ../../../build/localization_server/localization_server.egg-info/requires.txt
[3.091s] writing top-level names to ../../../build/localization_server/localization_server.egg-info/top_level.txt
[3.186s] reading manifest file '../../../build/localization_server/localization_server.egg-info/SOURCES.txt'
[3.187s] writing manifest file '../../../build/localization_server/localization_server.egg-info/SOURCES.txt'
[3.188s] running build
[3.188s] running build_py
[3.188s] running install
[3.189s] running install_lib
[3.192s] running install_data
[3.193s] running install_egg_info
[3.195s] removing '/home/user/ros2_ws/install/localization_server/lib/python3.8/site-packages/localization_server-0.0.0-py3.8.egg-info' (and everything under it)
[3.195s] Copying ../../../build/localization_server/localization_server.egg-info to /home/user/ros2_ws/install/localization_server/lib/python3.8/site-packages/localization_server-0.0.0-py3.8.egg-info
[3.197s] running install_scripts
[3.244s] writing list of installed files to '/home/user/ros2_ws/build/localization_server/install.log'
[3.271s] Invoked command in '/home/user/ros2_ws/src/nav2_pkgs/localization_server' returned '0': PYTHONPATH=/home/user/ros2_ws/install/localization_server/lib/python3.8/site-packages:${PYTHONPATH} _=/usr/bin/env /usr/bin/python3 setup.py egg_info --egg-base ../../../build/localization_server build --build-base /home/user/ros2_ws/build/localization_server/build install --prefix /home/user/ros2_ws/install/localization_server --record /home/user/ros2_ws/build/localization_server/install.log --single-version-externally-managed
