[2.146s] Invoking command in '/home/user/ros2_ws/src/nav2_pkgs/localization_server': PYTHONPATH=/home/user/ros2_ws/install/localization_server/lib/python3.8/site-packages:${PYTHONPATH} _=/usr/bin/env /usr/bin/python3 setup.py egg_info --egg-base ../../../build/localization_server build --build-base /home/user/ros2_ws/build/localization_server/build install --prefix /home/user/ros2_ws/install/localization_server --record /home/user/ros2_ws/build/localization_server/install.log --single-version-externally-managed
[2.598s] running egg_info
[2.626s] writing ../../../build/localization_server/localization_server.egg-info/PKG-INFO
[2.627s] writing dependency_links to ../../../build/localization_server/localization_server.egg-info/dependency_links.txt
[2.627s] writing entry points to ../../../build/localization_server/localization_server.egg-info/entry_points.txt
[2.628s] writing requirements to ../../../build/localization_server/localization_server.egg-info/requires.txt
[2.639s] writing top-level names to ../../../build/localization_server/localization_server.egg-info/top_level.txt
[2.705s] reading manifest file '../../../build/localization_server/localization_server.egg-info/SOURCES.txt'
[2.707s] writing manifest file '../../../build/localization_server/localization_server.egg-info/SOURCES.txt'
[2.715s] running build
[2.715s] running build_py
[2.715s] running install
[2.717s] running install_lib
[2.725s] running install_data
[2.727s] running install_egg_info
[2.730s] removing '/home/user/ros2_ws/install/localization_server/lib/python3.8/site-packages/localization_server-0.0.0-py3.8.egg-info' (and everything under it)
[2.731s] Copying ../../../build/localization_server/localization_server.egg-info to /home/user/ros2_ws/install/localization_server/lib/python3.8/site-packages/localization_server-0.0.0-py3.8.egg-info
[2.733s] running install_scripts
[2.786s] writing list of installed files to '/home/user/ros2_ws/build/localization_server/install.log'
[2.832s] Invoked command in '/home/user/ros2_ws/src/nav2_pkgs/localization_server' returned '0': PYTHONPATH=/home/user/ros2_ws/install/localization_server/lib/python3.8/site-packages:${PYTHONPATH} _=/usr/bin/env /usr/bin/python3 setup.py egg_info --egg-base ../../../build/localization_server build --build-base /home/user/ros2_ws/build/localization_server/build install --prefix /home/user/ros2_ws/install/localization_server --record /home/user/ros2_ws/build/localization_server/install.log --single-version-externally-managed
