[2.557s] Invoking command in '/home/user/ros2_ws/src/nav2_pkgs/map_server': PYTHONPATH=/home/user/ros2_ws/install/map_server/lib/python3.8/site-packages:${PYTHONPATH} _=/usr/bin/env /usr/bin/python3 setup.py egg_info --egg-base ../../../build/map_server build --build-base /home/user/ros2_ws/build/map_server/build install --prefix /home/user/ros2_ws/install/map_server --record /home/user/ros2_ws/build/map_server/install.log --single-version-externally-managed
[3.445s] running egg_info
[3.446s] writing ../../../build/map_server/map_server.egg-info/PKG-INFO
[3.446s] writing dependency_links to ../../../build/map_server/map_server.egg-info/dependency_links.txt
[3.447s] writing entry points to ../../../build/map_server/map_server.egg-info/entry_points.txt
[3.448s] writing requirements to ../../../build/map_server/map_server.egg-info/requires.txt
[3.449s] writing top-level names to ../../../build/map_server/map_server.egg-info/top_level.txt
[3.509s] reading manifest file '../../../build/map_server/map_server.egg-info/SOURCES.txt'
[3.510s] writing manifest file '../../../build/map_server/map_server.egg-info/SOURCES.txt'
[3.510s] running build
[3.511s] running build_py
[3.511s] running install
[3.511s] running install_lib
[3.514s] running install_data
[3.515s] copying maps/map_keepout.yaml -> /home/user/ros2_ws/install/map_server/share/map_server/maps
[3.516s] running install_egg_info
[3.519s] removing '/home/user/ros2_ws/install/map_server/lib/python3.8/site-packages/map_server-0.0.0-py3.8.egg-info' (and everything under it)
[3.519s] Copying ../../../build/map_server/map_server.egg-info to /home/user/ros2_ws/install/map_server/lib/python3.8/site-packages/map_server-0.0.0-py3.8.egg-info
[3.520s] running install_scripts
[3.544s] writing list of installed files to '/home/user/ros2_ws/build/map_server/install.log'
[3.579s] Invoked command in '/home/user/ros2_ws/src/nav2_pkgs/map_server' returned '0': PYTHONPATH=/home/user/ros2_ws/install/map_server/lib/python3.8/site-packages:${PYTHONPATH} _=/usr/bin/env /usr/bin/python3 setup.py egg_info --egg-base ../../../build/map_server build --build-base /home/user/ros2_ws/build/map_server/build install --prefix /home/user/ros2_ws/install/map_server --record /home/user/ros2_ws/build/map_server/install.log --single-version-externally-managed
