[3.992s] Invoking command in '/home/user/ros2_ws/src/nav2_pkgs/map_server': PYTHONPATH=/home/user/ros2_ws/install/map_server/lib/python3.8/site-packages:${PYTHONPATH} _=/usr/bin/env /usr/bin/python3 setup.py egg_info --egg-base ../../../build/map_server build --build-base /home/user/ros2_ws/build/map_server/build install --prefix /home/user/ros2_ws/install/map_server --record /home/user/ros2_ws/build/map_server/install.log --single-version-externally-managed
[4.606s] running egg_info
[4.606s] writing ../../../build/map_server/map_server.egg-info/PKG-INFO
[4.606s] writing dependency_links to ../../../build/map_server/map_server.egg-info/dependency_links.txt
[4.607s] writing entry points to ../../../build/map_server/map_server.egg-info/entry_points.txt
[4.607s] writing requirements to ../../../build/map_server/map_server.egg-info/requires.txt
[4.608s] writing top-level names to ../../../build/map_server/map_server.egg-info/top_level.txt
[4.724s] reading manifest file '../../../build/map_server/map_server.egg-info/SOURCES.txt'
[4.725s] writing manifest file '../../../build/map_server/map_server.egg-info/SOURCES.txt'
[4.725s] running build
[4.725s] running build_py
[4.726s] running install
[4.733s] running install_lib
[4.733s] running install_data
[4.735s] running install_egg_info
[4.737s] removing '/home/user/ros2_ws/install/map_server/lib/python3.8/site-packages/map_server-0.0.0-py3.8.egg-info' (and everything under it)
[4.737s] Copying ../../../build/map_server/map_server.egg-info to /home/user/ros2_ws/install/map_server/lib/python3.8/site-packages/map_server-0.0.0-py3.8.egg-info
[4.739s] running install_scripts
[4.820s] writing list of installed files to '/home/user/ros2_ws/build/map_server/install.log'
[4.920s] Invoked command in '/home/user/ros2_ws/src/nav2_pkgs/map_server' returned '0': PYTHONPATH=/home/user/ros2_ws/install/map_server/lib/python3.8/site-packages:${PYTHONPATH} _=/usr/bin/env /usr/bin/python3 setup.py egg_info --egg-base ../../../build/map_server build --build-base /home/user/ros2_ws/build/map_server/build install --prefix /home/user/ros2_ws/install/map_server --record /home/user/ros2_ws/build/map_server/install.log --single-version-externally-managed
