[1.876s] Invoking command in '/home/user/ros2_ws/src/nav2_new_features': PYTHONPATH=/home/user/ros2_ws/install/nav2_new_features/lib/python3.8/site-packages:${PYTHONPATH} _=/usr/bin/env /usr/bin/python3 setup.py egg_info --egg-base ../../build/nav2_new_features build --build-base /home/user/ros2_ws/build/nav2_new_features/build install --prefix /home/user/ros2_ws/install/nav2_new_features --record /home/user/ros2_ws/build/nav2_new_features/install.log --single-version-externally-managed
[2.454s] running egg_info
[2.455s] writing ../../build/nav2_new_features/nav2_new_features.egg-info/PKG-INFO
[2.456s] writing dependency_links to ../../build/nav2_new_features/nav2_new_features.egg-info/dependency_links.txt
[2.456s] writing entry points to ../../build/nav2_new_features/nav2_new_features.egg-info/entry_points.txt
[2.456s] writing requirements to ../../build/nav2_new_features/nav2_new_features.egg-info/requires.txt
[2.456s] writing top-level names to ../../build/nav2_new_features/nav2_new_features.egg-info/top_level.txt
[2.544s] reading manifest file '../../build/nav2_new_features/nav2_new_features.egg-info/SOURCES.txt'
[2.545s] writing manifest file '../../build/nav2_new_features/nav2_new_features.egg-info/SOURCES.txt'
[2.545s] running build
[2.545s] running build_py
[2.547s] running install
[2.547s] running install_lib
[2.550s] running install_data
[2.551s] running install_egg_info
[2.553s] removing '/home/user/ros2_ws/install/nav2_new_features/lib/python3.8/site-packages/nav2_new_features-0.0.0-py3.8.egg-info' (and everything under it)
[2.554s] Copying ../../build/nav2_new_features/nav2_new_features.egg-info to /home/user/ros2_ws/install/nav2_new_features/lib/python3.8/site-packages/nav2_new_features-0.0.0-py3.8.egg-info
[2.554s] running install_scripts
[2.571s] writing list of installed files to '/home/user/ros2_ws/build/nav2_new_features/install.log'
[2.638s] Invoked command in '/home/user/ros2_ws/src/nav2_new_features' returned '0': PYTHONPATH=/home/user/ros2_ws/install/nav2_new_features/lib/python3.8/site-packages:${PYTHONPATH} _=/usr/bin/env /usr/bin/python3 setup.py egg_info --egg-base ../../build/nav2_new_features build --build-base /home/user/ros2_ws/build/nav2_new_features/build install --prefix /home/user/ros2_ws/install/nav2_new_features --record /home/user/ros2_ws/build/nav2_new_features/install.log --single-version-externally-managed
