[4.047s] Invoking command in '/home/user/ros2_ws/src/nav2_new_features': PYTHONPATH=/home/user/ros2_ws/install/nav2_new_features/lib/python3.8/site-packages:${PYTHONPATH} _=/usr/bin/env /usr/bin/python3 setup.py egg_info --egg-base ../../build/nav2_new_features build --build-base /home/user/ros2_ws/build/nav2_new_features/build install --prefix /home/user/ros2_ws/install/nav2_new_features --record /home/user/ros2_ws/build/nav2_new_features/install.log --single-version-externally-managed
[4.720s] running egg_info
[4.721s] writing ../../build/nav2_new_features/nav2_new_features.egg-info/PKG-INFO
[4.721s] writing dependency_links to ../../build/nav2_new_features/nav2_new_features.egg-info/dependency_links.txt
[4.722s] writing entry points to ../../build/nav2_new_features/nav2_new_features.egg-info/entry_points.txt
[4.722s] writing requirements to ../../build/nav2_new_features/nav2_new_features.egg-info/requires.txt
[4.723s] writing top-level names to ../../build/nav2_new_features/nav2_new_features.egg-info/top_level.txt
[4.836s] reading manifest file '../../build/nav2_new_features/nav2_new_features.egg-info/SOURCES.txt'
[4.837s] writing manifest file '../../build/nav2_new_features/nav2_new_features.egg-info/SOURCES.txt'
[4.837s] running build
[4.837s] running build_py
[4.840s] running install
[4.847s] running install_lib
[4.847s] running install_data
[4.847s] running install_egg_info
[4.847s] removing '/home/user/ros2_ws/install/nav2_new_features/lib/python3.8/site-packages/nav2_new_features-0.0.0-py3.8.egg-info' (and everything under it)
[4.848s] Copying ../../build/nav2_new_features/nav2_new_features.egg-info to /home/user/ros2_ws/install/nav2_new_features/lib/python3.8/site-packages/nav2_new_features-0.0.0-py3.8.egg-info
[4.848s] running install_scripts
[4.908s] writing list of installed files to '/home/user/ros2_ws/build/nav2_new_features/install.log'
[4.942s] Invoked command in '/home/user/ros2_ws/src/nav2_new_features' returned '0': PYTHONPATH=/home/user/ros2_ws/install/nav2_new_features/lib/python3.8/site-packages:${PYTHONPATH} _=/usr/bin/env /usr/bin/python3 setup.py egg_info --egg-base ../../build/nav2_new_features build --build-base /home/user/ros2_ws/build/nav2_new_features/build install --prefix /home/user/ros2_ws/install/nav2_new_features --record /home/user/ros2_ws/build/nav2_new_features/install.log --single-version-externally-managed
