[2.750s] Invoking command in '/home/user/ros2_ws/src/nav2_pkgs/localization_server': PYTHONPATH=/home/user/ros2_ws/install/localization_server/lib/python3.8/site-packages:${PYTHONPATH} _=/usr/bin/env /usr/bin/python3 setup.py egg_info --egg-base ../../../build/localization_server build --build-base /home/user/ros2_ws/build/localization_server/build install --prefix /home/user/ros2_ws/install/localization_server --record /home/user/ros2_ws/build/localization_server/install.log --single-version-externally-managed
[3.392s] running egg_info
[3.394s] writing ../../../build/localization_server/localization_server.egg-info/PKG-INFO
[3.395s] writing dependency_links to ../../../build/localization_server/localization_server.egg-info/dependency_links.txt
[3.395s] writing entry points to ../../../build/localization_server/localization_server.egg-info/entry_points.txt
[3.396s] writing requirements to ../../../build/localization_server/localization_server.egg-info/requires.txt
[3.396s] writing top-level names to ../../../build/localization_server/localization_server.egg-info/top_level.txt
[3.489s] reading manifest file '../../../build/localization_server/localization_server.egg-info/SOURCES.txt'
[3.491s] writing manifest file '../../../build/localization_server/localization_server.egg-info/SOURCES.txt'
[3.491s] running build
[3.491s] running build_py
[3.492s] running install
[3.494s] running install_lib
[3.495s] running install_data
[3.496s] running install_egg_info
[3.498s] removing '/home/user/ros2_ws/install/localization_server/lib/python3.8/site-packages/localization_server-0.0.0-py3.8.egg-info' (and everything under it)
[3.499s] Copying ../../../build/localization_server/localization_server.egg-info to /home/user/ros2_ws/install/localization_server/lib/python3.8/site-packages/localization_server-0.0.0-py3.8.egg-info
[3.511s] running install_scripts
[3.574s] writing list of installed files to '/home/user/ros2_ws/build/localization_server/install.log'
[3.609s] Invoked command in '/home/user/ros2_ws/src/nav2_pkgs/localization_server' returned '0': PYTHONPATH=/home/user/ros2_ws/install/localization_server/lib/python3.8/site-packages:${PYTHONPATH} _=/usr/bin/env /usr/bin/python3 setup.py egg_info --egg-base ../../../build/localization_server build --build-base /home/user/ros2_ws/build/localization_server/build install --prefix /home/user/ros2_ws/install/localization_server --record /home/user/ros2_ws/build/localization_server/install.log --single-version-externally-managed
