[2.473s] Invoking command in '/home/user/ros2_ws/src/nav2_new_features': PYTHONPATH=/home/user/ros2_ws/install/nav2_new_features/lib/python3.8/site-packages:${PYTHONPATH} _=/usr/bin/env /usr/bin/python3 setup.py egg_info --egg-base ../../build/nav2_new_features build --build-base /home/user/ros2_ws/build/nav2_new_features/build install --prefix /home/user/ros2_ws/install/nav2_new_features --record /home/user/ros2_ws/build/nav2_new_features/install.log --single-version-externally-managed
[3.231s] running egg_info
[3.233s] writing ../../build/nav2_new_features/nav2_new_features.egg-info/PKG-INFO
[3.233s] writing dependency_links to ../../build/nav2_new_features/nav2_new_features.egg-info/dependency_links.txt
[3.234s] writing entry points to ../../build/nav2_new_features/nav2_new_features.egg-info/entry_points.txt
[3.234s] writing requirements to ../../build/nav2_new_features/nav2_new_features.egg-info/requires.txt
[3.234s] writing top-level names to ../../build/nav2_new_features/nav2_new_features.egg-info/top_level.txt
[3.289s] reading manifest file '../../build/nav2_new_features/nav2_new_features.egg-info/SOURCES.txt'
[3.290s] writing manifest file '../../build/nav2_new_features/nav2_new_features.egg-info/SOURCES.txt'
[3.290s] running build
[3.290s] running build_py
[3.291s] running install
[3.312s] running install_lib
[3.314s] running install_data
[3.315s] running install_egg_info
[3.318s] removing '/home/user/ros2_ws/install/nav2_new_features/lib/python3.8/site-packages/nav2_new_features-0.0.0-py3.8.egg-info' (and everything under it)
[3.319s] Copying ../../build/nav2_new_features/nav2_new_features.egg-info to /home/user/ros2_ws/install/nav2_new_features/lib/python3.8/site-packages/nav2_new_features-0.0.0-py3.8.egg-info
[3.321s] running install_scripts
[3.347s] writing list of installed files to '/home/user/ros2_ws/build/nav2_new_features/install.log'
[3.376s] Invoked command in '/home/user/ros2_ws/src/nav2_new_features' returned '0': PYTHONPATH=/home/user/ros2_ws/install/nav2_new_features/lib/python3.8/site-packages:${PYTHONPATH} _=/usr/bin/env /usr/bin/python3 setup.py egg_info --egg-base ../../build/nav2_new_features build --build-base /home/user/ros2_ws/build/nav2_new_features/build install --prefix /home/user/ros2_ws/install/nav2_new_features --record /home/user/ros2_ws/build/nav2_new_features/install.log --single-version-externally-managed
