[4.463s] Invoking command in '/home/user/ros2_ws/src/nav2_new_features': PYTHONPATH=/home/user/ros2_ws/install/nav2_new_features/lib/python3.8/site-packages:${PYTHONPATH} _=/usr/bin/env /usr/bin/python3 setup.py egg_info --egg-base ../../build/nav2_new_features build --build-base /home/user/ros2_ws/build/nav2_new_features/build install --prefix /home/user/ros2_ws/install/nav2_new_features --record /home/user/ros2_ws/build/nav2_new_features/install.log --single-version-externally-managed
[5.042s] running egg_info
[5.042s] writing ../../build/nav2_new_features/nav2_new_features.egg-info/PKG-INFO
[5.042s] writing dependency_links to ../../build/nav2_new_features/nav2_new_features.egg-info/dependency_links.txt
[5.042s] writing entry points to ../../build/nav2_new_features/nav2_new_features.egg-info/entry_points.txt
[5.042s] writing requirements to ../../build/nav2_new_features/nav2_new_features.egg-info/requires.txt
[5.042s] writing top-level names to ../../build/nav2_new_features/nav2_new_features.egg-info/top_level.txt
[5.229s] reading manifest file '../../build/nav2_new_features/nav2_new_features.egg-info/SOURCES.txt'
[5.230s] writing manifest file '../../build/nav2_new_features/nav2_new_features.egg-info/SOURCES.txt'
[5.230s] running build
[5.231s] running build_py
[5.231s] running install
[5.231s] running install_lib
[5.234s] running install_data
[5.234s] running install_egg_info
[5.237s] removing '/home/user/ros2_ws/install/nav2_new_features/lib/python3.8/site-packages/nav2_new_features-0.0.0-py3.8.egg-info' (and everything under it)
[5.238s] Copying ../../build/nav2_new_features/nav2_new_features.egg-info to /home/user/ros2_ws/install/nav2_new_features/lib/python3.8/site-packages/nav2_new_features-0.0.0-py3.8.egg-info
[5.241s] running install_scripts
[5.273s] writing list of installed files to '/home/user/ros2_ws/build/nav2_new_features/install.log'
[5.375s] Invoked command in '/home/user/ros2_ws/src/nav2_new_features' returned '0': PYTHONPATH=/home/user/ros2_ws/install/nav2_new_features/lib/python3.8/site-packages:${PYTHONPATH} _=/usr/bin/env /usr/bin/python3 setup.py egg_info --egg-base ../../build/nav2_new_features build --build-base /home/user/ros2_ws/build/nav2_new_features/build install --prefix /home/user/ros2_ws/install/nav2_new_features --record /home/user/ros2_ws/build/nav2_new_features/install.log --single-version-externally-managed
