[2.558s] Invoking command in '/home/user/ros2_ws/src/nav2_pkgs/path_planner_server': PYTHONPATH=/home/user/ros2_ws/install/path_planner_server/lib/python3.8/site-packages:${PYTHONPATH} _=/usr/bin/env /usr/bin/python3 setup.py egg_info --egg-base ../../../build/path_planner_server build --build-base /home/user/ros2_ws/build/path_planner_server/build install --prefix /home/user/ros2_ws/install/path_planner_server --record /home/user/ros2_ws/build/path_planner_server/install.log --single-version-externally-managed
[3.236s] running egg_info
[3.237s] writing ../../../build/path_planner_server/path_planner_server.egg-info/PKG-INFO
[3.237s] writing dependency_links to ../../../build/path_planner_server/path_planner_server.egg-info/dependency_links.txt
[3.237s] writing entry points to ../../../build/path_planner_server/path_planner_server.egg-info/entry_points.txt
[3.237s] writing requirements to ../../../build/path_planner_server/path_planner_server.egg-info/requires.txt
[3.237s] writing top-level names to ../../../build/path_planner_server/path_planner_server.egg-info/top_level.txt
[3.340s] reading manifest file '../../../build/path_planner_server/path_planner_server.egg-info/SOURCES.txt'
[3.341s] writing manifest file '../../../build/path_planner_server/path_planner_server.egg-info/SOURCES.txt'
[3.341s] running build
[3.342s] running build_py
[3.342s] running install
[3.343s] running install_lib
[3.346s] running install_data
[3.347s] running install_egg_info
[3.351s] removing '/home/user/ros2_ws/install/path_planner_server/lib/python3.8/site-packages/path_planner_server-0.0.0-py3.8.egg-info' (and everything under it)
[3.351s] Copying ../../../build/path_planner_server/path_planner_server.egg-info to /home/user/ros2_ws/install/path_planner_server/lib/python3.8/site-packages/path_planner_server-0.0.0-py3.8.egg-info
[3.353s] running install_scripts
[3.390s] writing list of installed files to '/home/user/ros2_ws/build/path_planner_server/install.log'
[3.463s] Invoked command in '/home/user/ros2_ws/src/nav2_pkgs/path_planner_server' returned '0': PYTHONPATH=/home/user/ros2_ws/install/path_planner_server/lib/python3.8/site-packages:${PYTHONPATH} _=/usr/bin/env /usr/bin/python3 setup.py egg_info --egg-base ../../../build/path_planner_server build --build-base /home/user/ros2_ws/build/path_planner_server/build install --prefix /home/user/ros2_ws/install/path_planner_server --record /home/user/ros2_ws/build/path_planner_server/install.log --single-version-externally-managed
