[1.687s] DEBUG:colcon:Command line arguments: ['/usr/bin/colcon', 'build']
[1.687s] DEBUG:colcon:Parsed command line arguments: Namespace(allow_overriding=[], ament_cmake_args=None, base_paths=['.'], build_base='build', catkin_cmake_args=None, catkin_skip_building_tests=False, cmake_args=None, cmake_clean_cache=False, cmake_clean_first=False, cmake_force_configure=False, cmake_target=None, cmake_target_skip_unavailable=False, continue_on_error=False, event_handlers=None, executor='parallel', ignore_user_meta=False, install_base='install', log_base=None, log_level=None, main=<bound method BuildVerb.main of <colcon_core.verb.build.BuildVerb object at 0x7f39dd7a6250>>, merge_install=False, metas=['./colcon.meta'], packages_above=None, packages_above_and_dependencies=None, packages_above_depth=None, packages_end=None, packages_ignore=None, packages_ignore_regex=None, packages_select=None, packages_select_build_failed=False, packages_select_by_dep=None, packages_select_regex=None, packages_select_test_failures=False, packages_skip=None, packages_skip_build_finished=False, packages_skip_by_dep=None, packages_skip_regex=None, packages_skip_test_passed=False, packages_skip_up_to=None, packages_start=None, packages_up_to=None, packages_up_to_regex=None, parallel_workers=8, paths=None, symlink_install=False, test_result_base=None, verb_extension=<colcon_core.verb.build.BuildVerb object at 0x7f39dd7a6250>, verb_name='build', verb_parser=<colcon_defaults.argument_parser.defaults.DefaultArgumentsDecorator object at 0x7f39dd7a67c0>)
[2.186s] Level 1:colcon.colcon_core.package_discovery:discover_packages(colcon_meta) check parameters
[2.186s] Level 1:colcon.colcon_core.package_discovery:discover_packages(recursive) check parameters
[2.186s] Level 1:colcon.colcon_core.package_discovery:discover_packages(ignore) check parameters
[2.186s] Level 1:colcon.colcon_core.package_discovery:discover_packages(path) check parameters
[2.186s] Level 1:colcon.colcon_core.package_discovery:discover_packages(colcon_meta) discover
[2.187s] Level 1:colcon.colcon_core.package_discovery:discover_packages(recursive) discover
[2.187s] INFO:colcon.colcon_core.package_discovery:Crawling recursively for packages in '/home/user/ros2_ws'
[2.187s] Level 1:colcon.colcon_core.package_identification:_identify(.) by extensions ['ignore', 'ignore_ament_install']
[2.187s] Level 1:colcon.colcon_core.package_identification:_identify(.) by extension 'ignore'
[2.187s] Level 1:colcon.colcon_core.package_identification:_identify(.) by extension 'ignore_ament_install'
[2.187s] Level 1:colcon.colcon_core.package_identification:_identify(.) by extensions ['colcon_pkg']
[2.187s] Level 1:colcon.colcon_core.package_identification:_identify(.) by extension 'colcon_pkg'
[2.187s] Level 1:colcon.colcon_core.package_identification:_identify(.) by extensions ['colcon_meta']
[2.187s] Level 1:colcon.colcon_core.package_identification:_identify(.) by extension 'colcon_meta'
[2.188s] Level 1:colcon.colcon_core.package_identification:_identify(.) by extensions ['ros']
[2.188s] Level 1:colcon.colcon_core.package_identification:_identify(.) by extension 'ros'
[2.216s] Level 1:colcon.colcon_core.package_identification:_identify(.) by extensions ['cmake', 'python']
[2.216s] Level 1:colcon.colcon_core.package_identification:_identify(.) by extension 'cmake'
[2.216s] Level 1:colcon.colcon_core.package_identification:_identify(.) by extension 'python'
[2.216s] Level 1:colcon.colcon_core.package_identification:_identify(.) by extensions ['python_setup_py']
[2.217s] Level 1:colcon.colcon_core.package_identification:_identify(.) by extension 'python_setup_py'
[2.217s] Level 1:colcon.colcon_core.package_identification:_identify(build) by extensions ['ignore', 'ignore_ament_install']
[2.217s] Level 1:colcon.colcon_core.package_identification:_identify(build) by extension 'ignore'
[2.217s] Level 1:colcon.colcon_core.package_identification:_identify(build) ignored
[2.217s] Level 1:colcon.colcon_core.package_identification:_identify(install) by extensions ['ignore', 'ignore_ament_install']
[2.217s] Level 1:colcon.colcon_core.package_identification:_identify(install) by extension 'ignore'
[2.217s] Level 1:colcon.colcon_core.package_identification:_identify(install) ignored
[2.217s] Level 1:colcon.colcon_core.package_identification:_identify(log) by extensions ['ignore', 'ignore_ament_install']
[2.217s] Level 1:colcon.colcon_core.package_identification:_identify(log) by extension 'ignore'
[2.217s] Level 1:colcon.colcon_core.package_identification:_identify(log) ignored
[2.217s] Level 1:colcon.colcon_core.package_identification:_identify(src) by extensions ['ignore', 'ignore_ament_install']
[2.218s] Level 1:colcon.colcon_core.package_identification:_identify(src) by extension 'ignore'
[2.218s] Level 1:colcon.colcon_core.package_identification:_identify(src) by extension 'ignore_ament_install'
[2.218s] Level 1:colcon.colcon_core.package_identification:_identify(src) by extensions ['colcon_pkg']
[2.218s] Level 1:colcon.colcon_core.package_identification:_identify(src) by extension 'colcon_pkg'
[2.218s] Level 1:colcon.colcon_core.package_identification:_identify(src) by extensions ['colcon_meta']
[2.218s] Level 1:colcon.colcon_core.package_identification:_identify(src) by extension 'colcon_meta'
[2.218s] Level 1:colcon.colcon_core.package_identification:_identify(src) by extensions ['ros']
[2.218s] Level 1:colcon.colcon_core.package_identification:_identify(src) by extension 'ros'
[2.218s] Level 1:colcon.colcon_core.package_identification:_identify(src) by extensions ['cmake', 'python']
[2.218s] Level 1:colcon.colcon_core.package_identification:_identify(src) by extension 'cmake'
[2.218s] Level 1:colcon.colcon_core.package_identification:_identify(src) by extension 'python'
[2.218s] Level 1:colcon.colcon_core.package_identification:_identify(src) by extensions ['python_setup_py']
[2.218s] Level 1:colcon.colcon_core.package_identification:_identify(src) by extension 'python_setup_py'
[2.218s] Level 1:colcon.colcon_core.package_identification:_identify(src/nav2_new_features) by extensions ['ignore', 'ignore_ament_install']
[2.218s] Level 1:colcon.colcon_core.package_identification:_identify(src/nav2_new_features) by extension 'ignore'
[2.218s] Level 1:colcon.colcon_core.package_identification:_identify(src/nav2_new_features) by extension 'ignore_ament_install'
[2.218s] Level 1:colcon.colcon_core.package_identification:_identify(src/nav2_new_features) by extensions ['colcon_pkg']
[2.218s] Level 1:colcon.colcon_core.package_identification:_identify(src/nav2_new_features) by extension 'colcon_pkg'
[2.218s] Level 1:colcon.colcon_core.package_identification:_identify(src/nav2_new_features) by extensions ['colcon_meta']
[2.218s] Level 1:colcon.colcon_core.package_identification:_identify(src/nav2_new_features) by extension 'colcon_meta'
[2.219s] Level 1:colcon.colcon_core.package_identification:_identify(src/nav2_new_features) by extensions ['ros']
[2.219s] Level 1:colcon.colcon_core.package_identification:_identify(src/nav2_new_features) by extension 'ros'
[2.224s] DEBUG:colcon.colcon_core.package_identification:Package 'src/nav2_new_features' with type 'ros.ament_python' and name 'nav2_new_features'
[2.224s] Level 1:colcon.colcon_core.package_identification:_identify(src/nav2_pkgs) by extensions ['ignore', 'ignore_ament_install']
[2.224s] Level 1:colcon.colcon_core.package_identification:_identify(src/nav2_pkgs) by extension 'ignore'
[2.224s] Level 1:colcon.colcon_core.package_identification:_identify(src/nav2_pkgs) by extension 'ignore_ament_install'
[2.224s] Level 1:colcon.colcon_core.package_identification:_identify(src/nav2_pkgs) by extensions ['colcon_pkg']
[2.224s] Level 1:colcon.colcon_core.package_identification:_identify(src/nav2_pkgs) by extension 'colcon_pkg'
[2.224s] Level 1:colcon.colcon_core.package_identification:_identify(src/nav2_pkgs) by extensions ['colcon_meta']
[2.224s] Level 1:colcon.colcon_core.package_identification:_identify(src/nav2_pkgs) by extension 'colcon_meta'
[2.224s] Level 1:colcon.colcon_core.package_identification:_identify(src/nav2_pkgs) by extensions ['ros']
[2.224s] Level 1:colcon.colcon_core.package_identification:_identify(src/nav2_pkgs) by extension 'ros'
[2.224s] Level 1:colcon.colcon_core.package_identification:_identify(src/nav2_pkgs) by extensions ['cmake', 'python']
[2.224s] Level 1:colcon.colcon_core.package_identification:_identify(src/nav2_pkgs) by extension 'cmake'
[2.224s] Level 1:colcon.colcon_core.package_identification:_identify(src/nav2_pkgs) by extension 'python'
[2.224s] Level 1:colcon.colcon_core.package_identification:_identify(src/nav2_pkgs) by extensions ['python_setup_py']
[2.224s] Level 1:colcon.colcon_core.package_identification:_identify(src/nav2_pkgs) by extension 'python_setup_py'
[2.225s] Level 1:colcon.colcon_core.package_identification:_identify(src/nav2_pkgs/localization_server) by extensions ['ignore', 'ignore_ament_install']
[2.225s] Level 1:colcon.colcon_core.package_identification:_identify(src/nav2_pkgs/localization_server) by extension 'ignore'
[2.225s] Level 1:colcon.colcon_core.package_identification:_identify(src/nav2_pkgs/localization_server) by extension 'ignore_ament_install'
[2.225s] Level 1:colcon.colcon_core.package_identification:_identify(src/nav2_pkgs/localization_server) by extensions ['colcon_pkg']
[2.225s] Level 1:colcon.colcon_core.package_identification:_identify(src/nav2_pkgs/localization_server) by extension 'colcon_pkg'
[2.225s] Level 1:colcon.colcon_core.package_identification:_identify(src/nav2_pkgs/localization_server) by extensions ['colcon_meta']
[2.225s] Level 1:colcon.colcon_core.package_identification:_identify(src/nav2_pkgs/localization_server) by extension 'colcon_meta'
[2.225s] Level 1:colcon.colcon_core.package_identification:_identify(src/nav2_pkgs/localization_server) by extensions ['ros']
[2.225s] Level 1:colcon.colcon_core.package_identification:_identify(src/nav2_pkgs/localization_server) by extension 'ros'
[2.226s] DEBUG:colcon.colcon_core.package_identification:Package 'src/nav2_pkgs/localization_server' with type 'ros.ament_python' and name 'localization_server'
[2.226s] Level 1:colcon.colcon_core.package_identification:_identify(src/nav2_pkgs/map_server) by extensions ['ignore', 'ignore_ament_install']
[2.226s] Level 1:colcon.colcon_core.package_identification:_identify(src/nav2_pkgs/map_server) by extension 'ignore'
[2.226s] Level 1:colcon.colcon_core.package_identification:_identify(src/nav2_pkgs/map_server) by extension 'ignore_ament_install'
[2.226s] Level 1:colcon.colcon_core.package_identification:_identify(src/nav2_pkgs/map_server) by extensions ['colcon_pkg']
[2.226s] Level 1:colcon.colcon_core.package_identification:_identify(src/nav2_pkgs/map_server) by extension 'colcon_pkg'
[2.226s] Level 1:colcon.colcon_core.package_identification:_identify(src/nav2_pkgs/map_server) by extensions ['colcon_meta']
[2.227s] Level 1:colcon.colcon_core.package_identification:_identify(src/nav2_pkgs/map_server) by extension 'colcon_meta'
[2.227s] Level 1:colcon.colcon_core.package_identification:_identify(src/nav2_pkgs/map_server) by extensions ['ros']
[2.227s] Level 1:colcon.colcon_core.package_identification:_identify(src/nav2_pkgs/map_server) by extension 'ros'
[2.227s] DEBUG:colcon.colcon_core.package_identification:Package 'src/nav2_pkgs/map_server' with type 'ros.ament_python' and name 'map_server'
[2.227s] Level 1:colcon.colcon_core.package_identification:_identify(src/nav2_pkgs/path_planner_server) by extensions ['ignore', 'ignore_ament_install']
[2.228s] Level 1:colcon.colcon_core.package_identification:_identify(src/nav2_pkgs/path_planner_server) by extension 'ignore'
[2.228s] Level 1:colcon.colcon_core.package_identification:_identify(src/nav2_pkgs/path_planner_server) by extension 'ignore_ament_install'
[2.228s] Level 1:colcon.colcon_core.package_identification:_identify(src/nav2_pkgs/path_planner_server) by extensions ['colcon_pkg']
[2.228s] Level 1:colcon.colcon_core.package_identification:_identify(src/nav2_pkgs/path_planner_server) by extension 'colcon_pkg'
[2.228s] Level 1:colcon.colcon_core.package_identification:_identify(src/nav2_pkgs/path_planner_server) by extensions ['colcon_meta']
[2.228s] Level 1:colcon.colcon_core.package_identification:_identify(src/nav2_pkgs/path_planner_server) by extension 'colcon_meta'
[2.228s] Level 1:colcon.colcon_core.package_identification:_identify(src/nav2_pkgs/path_planner_server) by extensions ['ros']
[2.228s] Level 1:colcon.colcon_core.package_identification:_identify(src/nav2_pkgs/path_planner_server) by extension 'ros'
[2.229s] DEBUG:colcon.colcon_core.package_identification:Package 'src/nav2_pkgs/path_planner_server' with type 'ros.ament_python' and name 'path_planner_server'
[2.229s] Level 1:colcon.colcon_core.package_discovery:discover_packages(recursive) using defaults
[2.229s] Level 1:colcon.colcon_core.package_discovery:discover_packages(ignore) discover
[2.229s] Level 1:colcon.colcon_core.package_discovery:discover_packages(ignore) using defaults
[2.229s] Level 1:colcon.colcon_core.package_discovery:discover_packages(path) discover
[2.229s] Level 1:colcon.colcon_core.package_discovery:discover_packages(path) using defaults
[2.265s] Level 1:colcon.colcon_core.package_discovery:discover_packages(prefix_path) check parameters
[2.265s] Level 1:colcon.colcon_core.package_discovery:discover_packages(prefix_path) discover
[2.270s] Level 1:colcon.colcon_core.package_discovery:discover_packages(prefix_path) using defaults
[2.274s] Level 5:colcon.colcon_core.verb:set package 'localization_server' build argument 'cmake_args' from command line to 'None'
[2.274s] Level 5:colcon.colcon_core.verb:set package 'localization_server' build argument 'cmake_target' from command line to 'None'
[2.274s] Level 5:colcon.colcon_core.verb:set package 'localization_server' build argument 'cmake_target_skip_unavailable' from command line to 'False'
[2.274s] Level 5:colcon.colcon_core.verb:set package 'localization_server' build argument 'cmake_clean_cache' from command line to 'False'
[2.274s] Level 5:colcon.colcon_core.verb:set package 'localization_server' build argument 'cmake_clean_first' from command line to 'False'
[2.274s] Level 5:colcon.colcon_core.verb:set package 'localization_server' build argument 'cmake_force_configure' from command line to 'False'
[2.274s] Level 5:colcon.colcon_core.verb:set package 'localization_server' build argument 'ament_cmake_args' from command line to 'None'
[2.274s] Level 5:colcon.colcon_core.verb:set package 'localization_server' build argument 'catkin_cmake_args' from command line to 'None'
[2.274s] Level 5:colcon.colcon_core.verb:set package 'localization_server' build argument 'catkin_skip_building_tests' from command line to 'False'
[2.274s] DEBUG:colcon.colcon_core.verb:Building package 'localization_server' with the following arguments: {'ament_cmake_args': None, 'build_base': '/home/user/ros2_ws/build/localization_server', 'catkin_cmake_args': None, 'catkin_skip_building_tests': False, 'cmake_args': None, 'cmake_clean_cache': False, 'cmake_clean_first': False, 'cmake_force_configure': False, 'cmake_target': None, 'cmake_target_skip_unavailable': False, 'install_base': '/home/user/ros2_ws/install/localization_server', 'merge_install': False, 'path': '/home/user/ros2_ws/src/nav2_pkgs/localization_server', 'symlink_install': False, 'test_result_base': None}
[2.278s] Level 5:colcon.colcon_core.verb:set package 'map_server' build argument 'cmake_args' from command line to 'None'
[2.278s] Level 5:colcon.colcon_core.verb:set package 'map_server' build argument 'cmake_target' from command line to 'None'
[2.278s] Level 5:colcon.colcon_core.verb:set package 'map_server' build argument 'cmake_target_skip_unavailable' from command line to 'False'
[2.278s] Level 5:colcon.colcon_core.verb:set package 'map_server' build argument 'cmake_clean_cache' from command line to 'False'
[2.278s] Level 5:colcon.colcon_core.verb:set package 'map_server' build argument 'cmake_clean_first' from command line to 'False'
[2.278s] Level 5:colcon.colcon_core.verb:set package 'map_server' build argument 'cmake_force_configure' from command line to 'False'
[2.278s] Level 5:colcon.colcon_core.verb:set package 'map_server' build argument 'ament_cmake_args' from command line to 'None'
[2.278s] Level 5:colcon.colcon_core.verb:set package 'map_server' build argument 'catkin_cmake_args' from command line to 'None'
[2.278s] Level 5:colcon.colcon_core.verb:set package 'map_server' build argument 'catkin_skip_building_tests' from command line to 'False'
[2.278s] DEBUG:colcon.colcon_core.verb:Building package 'map_server' with the following arguments: {'ament_cmake_args': None, 'build_base': '/home/user/ros2_ws/build/map_server', 'catkin_cmake_args': None, 'catkin_skip_building_tests': False, 'cmake_args': None, 'cmake_clean_cache': False, 'cmake_clean_first': False, 'cmake_force_configure': False, 'cmake_target': None, 'cmake_target_skip_unavailable': False, 'install_base': '/home/user/ros2_ws/install/map_server', 'merge_install': False, 'path': '/home/user/ros2_ws/src/nav2_pkgs/map_server', 'symlink_install': False, 'test_result_base': None}
[2.281s] Level 5:colcon.colcon_core.verb:set package 'nav2_new_features' build argument 'cmake_args' from command line to 'None'
[2.281s] Level 5:colcon.colcon_core.verb:set package 'nav2_new_features' build argument 'cmake_target' from command line to 'None'
[2.281s] Level 5:colcon.colcon_core.verb:set package 'nav2_new_features' build argument 'cmake_target_skip_unavailable' from command line to 'False'
[2.281s] Level 5:colcon.colcon_core.verb:set package 'nav2_new_features' build argument 'cmake_clean_cache' from command line to 'False'
[2.281s] Level 5:colcon.colcon_core.verb:set package 'nav2_new_features' build argument 'cmake_clean_first' from command line to 'False'
[2.281s] Level 5:colcon.colcon_core.verb:set package 'nav2_new_features' build argument 'cmake_force_configure' from command line to 'False'
[2.281s] Level 5:colcon.colcon_core.verb:set package 'nav2_new_features' build argument 'ament_cmake_args' from command line to 'None'
[2.281s] Level 5:colcon.colcon_core.verb:set package 'nav2_new_features' build argument 'catkin_cmake_args' from command line to 'None'
[2.281s] Level 5:colcon.colcon_core.verb:set package 'nav2_new_features' build argument 'catkin_skip_building_tests' from command line to 'False'
[2.281s] DEBUG:colcon.colcon_core.verb:Building package 'nav2_new_features' with the following arguments: {'ament_cmake_args': None, 'build_base': '/home/user/ros2_ws/build/nav2_new_features', 'catkin_cmake_args': None, 'catkin_skip_building_tests': False, 'cmake_args': None, 'cmake_clean_cache': False, 'cmake_clean_first': False, 'cmake_force_configure': False, 'cmake_target': None, 'cmake_target_skip_unavailable': False, 'install_base': '/home/user/ros2_ws/install/nav2_new_features', 'merge_install': False, 'path': '/home/user/ros2_ws/src/nav2_new_features', 'symlink_install': False, 'test_result_base': None}
[2.284s] Level 5:colcon.colcon_core.verb:set package 'path_planner_server' build argument 'cmake_args' from command line to 'None'
[2.284s] Level 5:colcon.colcon_core.verb:set package 'path_planner_server' build argument 'cmake_target' from command line to 'None'
[2.284s] Level 5:colcon.colcon_core.verb:set package 'path_planner_server' build argument 'cmake_target_skip_unavailable' from command line to 'False'
[2.284s] Level 5:colcon.colcon_core.verb:set package 'path_planner_server' build argument 'cmake_clean_cache' from command line to 'False'
[2.284s] Level 5:colcon.colcon_core.verb:set package 'path_planner_server' build argument 'cmake_clean_first' from command line to 'False'
[2.284s] Level 5:colcon.colcon_core.verb:set package 'path_planner_server' build argument 'cmake_force_configure' from command line to 'False'
[2.284s] Level 5:colcon.colcon_core.verb:set package 'path_planner_server' build argument 'ament_cmake_args' from command line to 'None'
[2.284s] Level 5:colcon.colcon_core.verb:set package 'path_planner_server' build argument 'catkin_cmake_args' from command line to 'None'
[2.284s] Level 5:colcon.colcon_core.verb:set package 'path_planner_server' build argument 'catkin_skip_building_tests' from command line to 'False'
[2.284s] DEBUG:colcon.colcon_core.verb:Building package 'path_planner_server' with the following arguments: {'ament_cmake_args': None, 'build_base': '/home/user/ros2_ws/build/path_planner_server', 'catkin_cmake_args': None, 'catkin_skip_building_tests': False, 'cmake_args': None, 'cmake_clean_cache': False, 'cmake_clean_first': False, 'cmake_force_configure': False, 'cmake_target': None, 'cmake_target_skip_unavailable': False, 'install_base': '/home/user/ros2_ws/install/path_planner_server', 'merge_install': False, 'path': '/home/user/ros2_ws/src/nav2_pkgs/path_planner_server', 'symlink_install': False, 'test_result_base': None}
[2.285s] INFO:colcon.colcon_core.executor:Executing jobs using 'parallel' executor
[2.288s] DEBUG:colcon.colcon_parallel_executor.executor.parallel:run_until_complete
[2.288s] INFO:colcon.colcon_ros.task.ament_python.build:Building ROS package in '/home/user/ros2_ws/src/nav2_pkgs/localization_server' with build type 'ament_python'
[2.289s] Level 1:colcon.colcon_core.shell:create_environment_hook('localization_server', 'ament_prefix_path')
[2.308s] INFO:colcon.colcon_core.plugin_system:Skipping extension 'colcon_core.shell.bat': Not used on non-Windows systems
[2.308s] INFO:colcon.colcon_core.shell:Creating environment hook '/home/user/ros2_ws/install/localization_server/share/localization_server/hook/ament_prefix_path.ps1'
[2.310s] INFO:colcon.colcon_core.shell:Creating environment descriptor '/home/user/ros2_ws/install/localization_server/share/localization_server/hook/ament_prefix_path.dsv'
[2.311s] INFO:colcon.colcon_core.shell:Creating environment hook '/home/user/ros2_ws/install/localization_server/share/localization_server/hook/ament_prefix_path.sh'
[2.313s] INFO:colcon.colcon_core.shell:Skip shell extension 'powershell' for command environment: Not usable outside of PowerShell
[2.313s] DEBUG:colcon.colcon_core.shell:Skip shell extension 'dsv' for command environment
[2.315s] DEBUG:colcon.colcon_core.shell:Ignoring prefix path '/opt/ros/galactic'
[2.318s] INFO:colcon.colcon_ros.task.ament_python.build:Building ROS package in '/home/user/ros2_ws/src/nav2_pkgs/map_server' with build type 'ament_python'
[2.318s] Level 1:colcon.colcon_core.shell:create_environment_hook('map_server', 'ament_prefix_path')
[2.319s] INFO:colcon.colcon_core.shell:Creating environment hook '/home/user/ros2_ws/install/map_server/share/map_server/hook/ament_prefix_path.ps1'
[2.320s] INFO:colcon.colcon_core.shell:Creating environment descriptor '/home/user/ros2_ws/install/map_server/share/map_server/hook/ament_prefix_path.dsv'
[2.321s] INFO:colcon.colcon_core.shell:Creating environment hook '/home/user/ros2_ws/install/map_server/share/map_server/hook/ament_prefix_path.sh'
[2.323s] INFO:colcon.colcon_core.shell:Skip shell extension 'powershell' for command environment: Not usable outside of PowerShell
[2.323s] DEBUG:colcon.colcon_core.shell:Skip shell extension 'dsv' for command environment
[2.325s] DEBUG:colcon.colcon_core.shell:Ignoring prefix path '/opt/ros/galactic'
[2.327s] INFO:colcon.colcon_ros.task.ament_python.build:Building ROS package in '/home/user/ros2_ws/src/nav2_new_features' with build type 'ament_python'
[2.327s] Level 1:colcon.colcon_core.shell:create_environment_hook('nav2_new_features', 'ament_prefix_path')
[2.328s] INFO:colcon.colcon_core.shell:Creating environment hook '/home/user/ros2_ws/install/nav2_new_features/share/nav2_new_features/hook/ament_prefix_path.ps1'
[2.329s] INFO:colcon.colcon_core.shell:Creating environment descriptor '/home/user/ros2_ws/install/nav2_new_features/share/nav2_new_features/hook/ament_prefix_path.dsv'
[2.330s] INFO:colcon.colcon_core.shell:Creating environment hook '/home/user/ros2_ws/install/nav2_new_features/share/nav2_new_features/hook/ament_prefix_path.sh'
[2.331s] INFO:colcon.colcon_core.shell:Skip shell extension 'powershell' for command environment: Not usable outside of PowerShell
[2.331s] DEBUG:colcon.colcon_core.shell:Skip shell extension 'dsv' for command environment
[2.333s] DEBUG:colcon.colcon_core.shell:Ignoring prefix path '/opt/ros/galactic'
[2.335s] INFO:colcon.colcon_ros.task.ament_python.build:Building ROS package in '/home/user/ros2_ws/src/nav2_pkgs/path_planner_server' with build type 'ament_python'
[2.335s] Level 1:colcon.colcon_core.shell:create_environment_hook('path_planner_server', 'ament_prefix_path')
[2.336s] INFO:colcon.colcon_core.shell:Creating environment hook '/home/user/ros2_ws/install/path_planner_server/share/path_planner_server/hook/ament_prefix_path.ps1'
[2.337s] INFO:colcon.colcon_core.shell:Creating environment descriptor '/home/user/ros2_ws/install/path_planner_server/share/path_planner_server/hook/ament_prefix_path.dsv'
[2.338s] INFO:colcon.colcon_core.shell:Creating environment hook '/home/user/ros2_ws/install/path_planner_server/share/path_planner_server/hook/ament_prefix_path.sh'
[2.339s] INFO:colcon.colcon_core.shell:Skip shell extension 'powershell' for command environment: Not usable outside of PowerShell
[2.339s] DEBUG:colcon.colcon_core.shell:Skip shell extension 'dsv' for command environment
[2.341s] DEBUG:colcon.colcon_core.shell:Ignoring prefix path '/opt/ros/galactic'
[2.600s] INFO:colcon.colcon_core.task.python.build:Building Python package in '/home/user/ros2_ws/src/nav2_pkgs/localization_server'
[2.602s] INFO:colcon.colcon_core.shell:Skip shell extension 'powershell' for command environment: Not usable outside of PowerShell
[2.602s] DEBUG:colcon.colcon_core.shell:Skip shell extension 'dsv' for command environment
[2.604s] DEBUG:colcon.colcon_core.shell:Ignoring prefix path '/opt/ros/galactic'
[2.883s] INFO:colcon.colcon_core.task.python.build:Building Python package in '/home/user/ros2_ws/src/nav2_pkgs/map_server'
[2.884s] INFO:colcon.colcon_core.shell:Skip shell extension 'powershell' for command environment: Not usable outside of PowerShell
[2.884s] DEBUG:colcon.colcon_core.shell:Skip shell extension 'dsv' for command environment
[2.887s] DEBUG:colcon.colcon_core.shell:Ignoring prefix path '/opt/ros/galactic'
[3.150s] INFO:colcon.colcon_core.task.python.build:Building Python package in '/home/user/ros2_ws/src/nav2_new_features'
[3.151s] INFO:colcon.colcon_core.shell:Skip shell extension 'powershell' for command environment: Not usable outside of PowerShell
[3.151s] DEBUG:colcon.colcon_core.shell:Skip shell extension 'dsv' for command environment
[3.153s] DEBUG:colcon.colcon_core.shell:Ignoring prefix path '/opt/ros/galactic'
[3.417s] INFO:colcon.colcon_core.task.python.build:Building Python package in '/home/user/ros2_ws/src/nav2_pkgs/path_planner_server'
[3.418s] INFO:colcon.colcon_core.shell:Skip shell extension 'powershell' for command environment: Not usable outside of PowerShell
[3.418s] DEBUG:colcon.colcon_core.shell:Skip shell extension 'dsv' for command environment
[3.420s] DEBUG:colcon.colcon_core.shell:Ignoring prefix path '/opt/ros/galactic'
[5.187s] DEBUG:colcon.colcon_core.event_handler.log_command:Invoking command in '/home/user/ros2_ws/src/nav2_pkgs/path_planner_server': PYTHONPATH=/home/user/ros2_ws/install/path_planner_server/lib/python3.8/site-packages:${PYTHONPATH} _=/usr/bin/env /usr/bin/python3 setup.py egg_info --egg-base ../../../build/path_planner_server build --build-base /home/user/ros2_ws/build/path_planner_server/build install --prefix /home/user/ros2_ws/install/path_planner_server --record /home/user/ros2_ws/build/path_planner_server/install.log --single-version-externally-managed
[5.218s] DEBUG:colcon.colcon_core.event_handler.log_command:Invoking command in '/home/user/ros2_ws/src/nav2_new_features': PYTHONPATH=/home/user/ros2_ws/install/nav2_new_features/lib/python3.8/site-packages:${PYTHONPATH} _=/usr/bin/env /usr/bin/python3 setup.py egg_info --egg-base ../../build/nav2_new_features build --build-base /home/user/ros2_ws/build/nav2_new_features/build install --prefix /home/user/ros2_ws/install/nav2_new_features --record /home/user/ros2_ws/build/nav2_new_features/install.log --single-version-externally-managed
[5.229s] DEBUG:colcon.colcon_core.event_handler.log_command:Invoking command in '/home/user/ros2_ws/src/nav2_pkgs/map_server': PYTHONPATH=/home/user/ros2_ws/install/map_server/lib/python3.8/site-packages:${PYTHONPATH} _=/usr/bin/env /usr/bin/python3 setup.py egg_info --egg-base ../../../build/map_server build --build-base /home/user/ros2_ws/build/map_server/build install --prefix /home/user/ros2_ws/install/map_server --record /home/user/ros2_ws/build/map_server/install.log --single-version-externally-managed
[5.258s] DEBUG:colcon.colcon_core.event_handler.log_command:Invoking command in '/home/user/ros2_ws/src/nav2_pkgs/localization_server': PYTHONPATH=/home/user/ros2_ws/install/localization_server/lib/python3.8/site-packages:${PYTHONPATH} _=/usr/bin/env /usr/bin/python3 setup.py egg_info --egg-base ../../../build/localization_server build --build-base /home/user/ros2_ws/build/localization_server/build install --prefix /home/user/ros2_ws/install/localization_server --record /home/user/ros2_ws/build/localization_server/install.log --single-version-externally-managed
[6.083s] DEBUG:colcon.colcon_core.event_handler.log_command:Invoked command in '/home/user/ros2_ws/src/nav2_pkgs/localization_server' returned '0': PYTHONPATH=/home/user/ros2_ws/install/localization_server/lib/python3.8/site-packages:${PYTHONPATH} _=/usr/bin/env /usr/bin/python3 setup.py egg_info --egg-base ../../../build/localization_server build --build-base /home/user/ros2_ws/build/localization_server/build install --prefix /home/user/ros2_ws/install/localization_server --record /home/user/ros2_ws/build/localization_server/install.log --single-version-externally-managed
[6.102s] Level 1:colcon.colcon_core.environment:checking '/home/user/ros2_ws/install/localization_server' for CMake module files
[6.103s] Level 1:colcon.colcon_core.environment:checking '/home/user/ros2_ws/install/localization_server' for CMake config files
[6.104s] Level 1:colcon.colcon_core.environment:checking '/home/user/ros2_ws/install/localization_server/lib'
[6.104s] Level 1:colcon.colcon_core.environment:checking '/home/user/ros2_ws/install/localization_server/bin'
[6.104s] Level 1:colcon.colcon_core.environment:checking '/home/user/ros2_ws/install/localization_server/lib/pkgconfig/localization_server.pc'
[6.105s] Level 1:colcon.colcon_core.environment:checking '/home/user/ros2_ws/install/localization_server/lib/python3.8/site-packages'
[6.105s] Level 1:colcon.colcon_core.shell:create_environment_hook('localization_server', 'pythonpath')
[6.105s] INFO:colcon.colcon_core.shell:Creating environment hook '/home/user/ros2_ws/install/localization_server/share/localization_server/hook/pythonpath.ps1'
[6.106s] INFO:colcon.colcon_core.shell:Creating environment descriptor '/home/user/ros2_ws/install/localization_server/share/localization_server/hook/pythonpath.dsv'
[6.107s] INFO:colcon.colcon_core.shell:Creating environment hook '/home/user/ros2_ws/install/localization_server/share/localization_server/hook/pythonpath.sh'
[6.107s] Level 1:colcon.colcon_core.environment:checking '/home/user/ros2_ws/install/localization_server/bin'
[6.107s] Level 1:colcon.colcon_core.environment:create_environment_scripts_only(localization_server)
[6.108s] INFO:colcon.colcon_core.shell:Creating package script '/home/user/ros2_ws/install/localization_server/share/localization_server/package.ps1'
[6.110s] INFO:colcon.colcon_core.shell:Creating package descriptor '/home/user/ros2_ws/install/localization_server/share/localization_server/package.dsv'
[6.111s] INFO:colcon.colcon_core.shell:Creating package script '/home/user/ros2_ws/install/localization_server/share/localization_server/package.sh'
[6.112s] INFO:colcon.colcon_core.shell:Creating package script '/home/user/ros2_ws/install/localization_server/share/localization_server/package.bash'
[6.115s] INFO:colcon.colcon_core.shell:Creating package script '/home/user/ros2_ws/install/localization_server/share/localization_server/package.zsh'
[6.116s] Level 1:colcon.colcon_core.environment:create_file_with_runtime_dependencies(/home/user/ros2_ws/install/localization_server/share/colcon-core/packages/localization_server)
[6.120s] Level 1:colcon.colcon_core.environment:checking '/home/user/ros2_ws/install/map_server' for CMake module files
[6.120s] DEBUG:colcon.colcon_core.event_handler.log_command:Invoked command in '/home/user/ros2_ws/src/nav2_pkgs/map_server' returned '0': PYTHONPATH=/home/user/ros2_ws/install/map_server/lib/python3.8/site-packages:${PYTHONPATH} _=/usr/bin/env /usr/bin/python3 setup.py egg_info --egg-base ../../../build/map_server build --build-base /home/user/ros2_ws/build/map_server/build install --prefix /home/user/ros2_ws/install/map_server --record /home/user/ros2_ws/build/map_server/install.log --single-version-externally-managed
[6.121s] Level 1:colcon.colcon_core.environment:checking '/home/user/ros2_ws/install/map_server' for CMake config files
[6.122s] Level 1:colcon.colcon_core.environment:checking '/home/user/ros2_ws/install/map_server/lib'
[6.122s] Level 1:colcon.colcon_core.environment:checking '/home/user/ros2_ws/install/map_server/bin'
[6.122s] Level 1:colcon.colcon_core.environment:checking '/home/user/ros2_ws/install/map_server/lib/pkgconfig/map_server.pc'
[6.122s] Level 1:colcon.colcon_core.environment:checking '/home/user/ros2_ws/install/map_server/lib/python3.8/site-packages'
[6.122s] Level 1:colcon.colcon_core.shell:create_environment_hook('map_server', 'pythonpath')
[6.123s] INFO:colcon.colcon_core.shell:Creating environment hook '/home/user/ros2_ws/install/map_server/share/map_server/hook/pythonpath.ps1'
[6.124s] INFO:colcon.colcon_core.shell:Creating environment descriptor '/home/user/ros2_ws/install/map_server/share/map_server/hook/pythonpath.dsv'
[6.125s] INFO:colcon.colcon_core.shell:Creating environment hook '/home/user/ros2_ws/install/map_server/share/map_server/hook/pythonpath.sh'
[6.125s] Level 1:colcon.colcon_core.environment:checking '/home/user/ros2_ws/install/map_server/bin'
[6.126s] Level 1:colcon.colcon_core.environment:create_environment_scripts_only(map_server)
[6.126s] INFO:colcon.colcon_core.shell:Creating package script '/home/user/ros2_ws/install/map_server/share/map_server/package.ps1'
[6.128s] INFO:colcon.colcon_core.shell:Creating package descriptor '/home/user/ros2_ws/install/map_server/share/map_server/package.dsv'
[6.128s] INFO:colcon.colcon_core.shell:Creating package script '/home/user/ros2_ws/install/map_server/share/map_server/package.sh'
[6.129s] INFO:colcon.colcon_core.shell:Creating package script '/home/user/ros2_ws/install/map_server/share/map_server/package.bash'
[6.129s] INFO:colcon.colcon_core.shell:Creating package script '/home/user/ros2_ws/install/map_server/share/map_server/package.zsh'
[6.130s] Level 1:colcon.colcon_core.environment:create_file_with_runtime_dependencies(/home/user/ros2_ws/install/map_server/share/colcon-core/packages/map_server)
[6.131s] Level 1:colcon.colcon_core.environment:checking '/home/user/ros2_ws/install/nav2_new_features' for CMake module files
[6.132s] Level 1:colcon.colcon_core.environment:checking '/home/user/ros2_ws/install/nav2_new_features' for CMake config files
[6.133s] DEBUG:colcon.colcon_core.event_handler.log_command:Invoked command in '/home/user/ros2_ws/src/nav2_new_features' returned '0': PYTHONPATH=/home/user/ros2_ws/install/nav2_new_features/lib/python3.8/site-packages:${PYTHONPATH} _=/usr/bin/env /usr/bin/python3 setup.py egg_info --egg-base ../../build/nav2_new_features build --build-base /home/user/ros2_ws/build/nav2_new_features/build install --prefix /home/user/ros2_ws/install/nav2_new_features --record /home/user/ros2_ws/build/nav2_new_features/install.log --single-version-externally-managed
[6.134s] Level 1:colcon.colcon_core.environment:checking '/home/user/ros2_ws/install/nav2_new_features/lib'
[6.134s] Level 1:colcon.colcon_core.environment:checking '/home/user/ros2_ws/install/nav2_new_features/bin'
[6.134s] Level 1:colcon.colcon_core.environment:checking '/home/user/ros2_ws/install/nav2_new_features/lib/pkgconfig/nav2_new_features.pc'
[6.134s] Level 1:colcon.colcon_core.environment:checking '/home/user/ros2_ws/install/nav2_new_features/lib/python3.8/site-packages'
[6.134s] Level 1:colcon.colcon_core.shell:create_environment_hook('nav2_new_features', 'pythonpath')
[6.135s] INFO:colcon.colcon_core.shell:Creating environment hook '/home/user/ros2_ws/install/nav2_new_features/share/nav2_new_features/hook/pythonpath.ps1'
[6.135s] INFO:colcon.colcon_core.shell:Creating environment descriptor '/home/user/ros2_ws/install/nav2_new_features/share/nav2_new_features/hook/pythonpath.dsv'
[6.135s] INFO:colcon.colcon_core.shell:Creating environment hook '/home/user/ros2_ws/install/nav2_new_features/share/nav2_new_features/hook/pythonpath.sh'
[6.136s] Level 1:colcon.colcon_core.environment:checking '/home/user/ros2_ws/install/nav2_new_features/bin'
[6.136s] Level 1:colcon.colcon_core.environment:create_environment_scripts_only(nav2_new_features)
[6.137s] INFO:colcon.colcon_core.shell:Creating package script '/home/user/ros2_ws/install/nav2_new_features/share/nav2_new_features/package.ps1'
[6.137s] INFO:colcon.colcon_core.shell:Creating package descriptor '/home/user/ros2_ws/install/nav2_new_features/share/nav2_new_features/package.dsv'
[6.138s] INFO:colcon.colcon_core.shell:Creating package script '/home/user/ros2_ws/install/nav2_new_features/share/nav2_new_features/package.sh'
[6.138s] INFO:colcon.colcon_core.shell:Creating package script '/home/user/ros2_ws/install/nav2_new_features/share/nav2_new_features/package.bash'
[6.138s] INFO:colcon.colcon_core.shell:Creating package script '/home/user/ros2_ws/install/nav2_new_features/share/nav2_new_features/package.zsh'
[6.139s] Level 1:colcon.colcon_core.environment:create_file_with_runtime_dependencies(/home/user/ros2_ws/install/nav2_new_features/share/colcon-core/packages/nav2_new_features)
[6.141s] Level 1:colcon.colcon_core.environment:checking '/home/user/ros2_ws/install/path_planner_server' for CMake module files
[6.141s] DEBUG:colcon.colcon_core.event_handler.log_command:Invoked command in '/home/user/ros2_ws/src/nav2_pkgs/path_planner_server' returned '0': PYTHONPATH=/home/user/ros2_ws/install/path_planner_server/lib/python3.8/site-packages:${PYTHONPATH} _=/usr/bin/env /usr/bin/python3 setup.py egg_info --egg-base ../../../build/path_planner_server build --build-base /home/user/ros2_ws/build/path_planner_server/build install --prefix /home/user/ros2_ws/install/path_planner_server --record /home/user/ros2_ws/build/path_planner_server/install.log --single-version-externally-managed
[6.142s] Level 1:colcon.colcon_core.environment:checking '/home/user/ros2_ws/install/path_planner_server' for CMake config files
[6.142s] Level 1:colcon.colcon_core.environment:checking '/home/user/ros2_ws/install/path_planner_server/lib'
[6.143s] Level 1:colcon.colcon_core.environment:checking '/home/user/ros2_ws/install/path_planner_server/bin'
[6.143s] Level 1:colcon.colcon_core.environment:checking '/home/user/ros2_ws/install/path_planner_server/lib/pkgconfig/path_planner_server.pc'
[6.143s] Level 1:colcon.colcon_core.environment:checking '/home/user/ros2_ws/install/path_planner_server/lib/python3.8/site-packages'
[6.143s] Level 1:colcon.colcon_core.shell:create_environment_hook('path_planner_server', 'pythonpath')
[6.143s] INFO:colcon.colcon_core.shell:Creating environment hook '/home/user/ros2_ws/install/path_planner_server/share/path_planner_server/hook/pythonpath.ps1'
[6.144s] INFO:colcon.colcon_core.shell:Creating environment descriptor '/home/user/ros2_ws/install/path_planner_server/share/path_planner_server/hook/pythonpath.dsv'
[6.144s] INFO:colcon.colcon_core.shell:Creating environment hook '/home/user/ros2_ws/install/path_planner_server/share/path_planner_server/hook/pythonpath.sh'
[6.145s] Level 1:colcon.colcon_core.environment:checking '/home/user/ros2_ws/install/path_planner_server/bin'
[6.145s] Level 1:colcon.colcon_core.environment:create_environment_scripts_only(path_planner_server)
[6.145s] INFO:colcon.colcon_core.shell:Creating package script '/home/user/ros2_ws/install/path_planner_server/share/path_planner_server/package.ps1'
[6.146s] INFO:colcon.colcon_core.shell:Creating package descriptor '/home/user/ros2_ws/install/path_planner_server/share/path_planner_server/package.dsv'
[6.146s] INFO:colcon.colcon_core.shell:Creating package script '/home/user/ros2_ws/install/path_planner_server/share/path_planner_server/package.sh'
[6.146s] INFO:colcon.colcon_core.shell:Creating package script '/home/user/ros2_ws/install/path_planner_server/share/path_planner_server/package.bash'
[6.147s] INFO:colcon.colcon_core.shell:Creating package script '/home/user/ros2_ws/install/path_planner_server/share/path_planner_server/package.zsh'
[6.147s] Level 1:colcon.colcon_core.environment:create_file_with_runtime_dependencies(/home/user/ros2_ws/install/path_planner_server/share/colcon-core/packages/path_planner_server)
[6.147s] DEBUG:colcon.colcon_parallel_executor.executor.parallel:closing loop
[6.148s] DEBUG:colcon.colcon_parallel_executor.executor.parallel:loop closed
[6.148s] DEBUG:colcon.colcon_parallel_executor.executor.parallel:run_until_complete finished with '0'
[6.148s] DEBUG:colcon.colcon_core.event_reactor:joining thread
[6.445s] INFO:colcon.colcon_core.plugin_system:Skipping extension 'colcon_notification.desktop_notification.notify_send': Could not find 'notify-send'
[6.445s] INFO:colcon.colcon_core.plugin_system:Skipping extension 'colcon_notification.desktop_notification.terminal_notifier': Not used on non-Darwin systems
[6.445s] INFO:colcon.colcon_core.plugin_system:Skipping extension 'colcon_notification.desktop_notification.win32': Not used on non-Windows systems
[6.445s] INFO:colcon.colcon_notification.desktop_notification:Sending desktop notification using 'notify2'
[6.551s] DEBUG:colcon.colcon_notification.desktop_notification.notify2:Failed to initialize notify2: org.freedesktop.DBus.Error.Spawn.ExecFailed: /usr/bin/dbus-launch terminated abnormally without any error message
[6.551s] DEBUG:colcon.colcon_core.event_reactor:joined thread
[6.553s] INFO:colcon.colcon_core.shell:Creating prefix script '/home/user/ros2_ws/install/local_setup.ps1'
[6.556s] INFO:colcon.colcon_core.shell:Creating prefix util module '/home/user/ros2_ws/install/_local_setup_util_ps1.py'
[6.557s] INFO:colcon.colcon_core.shell:Creating prefix chain script '/home/user/ros2_ws/install/setup.ps1'
[6.560s] INFO:colcon.colcon_core.shell:Creating prefix script '/home/user/ros2_ws/install/local_setup.sh'
[6.561s] INFO:colcon.colcon_core.shell:Creating prefix util module '/home/user/ros2_ws/install/_local_setup_util_sh.py'
[6.561s] INFO:colcon.colcon_core.shell:Creating prefix chain script '/home/user/ros2_ws/install/setup.sh'
[6.563s] INFO:colcon.colcon_core.shell:Creating prefix script '/home/user/ros2_ws/install/local_setup.bash'
[6.564s] INFO:colcon.colcon_core.shell:Creating prefix chain script '/home/user/ros2_ws/install/setup.bash'
[6.567s] INFO:colcon.colcon_core.shell:Creating prefix script '/home/user/ros2_ws/install/local_setup.zsh'
[6.568s] INFO:colcon.colcon_core.shell:Creating prefix chain script '/home/user/ros2_ws/install/setup.zsh'
