[2.022s] Invoking command in '/home/user/ros2_ws/src/nav2_pkgs/path_planner_server': PYTHONPATH=/home/user/ros2_ws/install/path_planner_server/lib/python3.8/site-packages:${PYTHONPATH} _=/usr/bin/env /usr/bin/python3 setup.py egg_info --egg-base ../../../build/path_planner_server build --build-base /home/user/ros2_ws/build/path_planner_server/build install --prefix /home/user/ros2_ws/install/path_planner_server --record /home/user/ros2_ws/build/path_planner_server/install.log --single-version-externally-managed
[2.514s] running egg_info
[2.514s] writing ../../../build/path_planner_server/path_planner_server.egg-info/PKG-INFO
[2.514s] writing dependency_links to ../../../build/path_planner_server/path_planner_server.egg-info/dependency_links.txt
[2.515s] writing entry points to ../../../build/path_planner_server/path_planner_server.egg-info/entry_points.txt
[2.515s] writing requirements to ../../../build/path_planner_server/path_planner_server.egg-info/requires.txt
[2.515s] writing top-level names to ../../../build/path_planner_server/path_planner_server.egg-info/top_level.txt
[2.549s] reading manifest file '../../../build/path_planner_server/path_planner_server.egg-info/SOURCES.txt'
[2.550s] writing manifest file '../../../build/path_planner_server/path_planner_server.egg-info/SOURCES.txt'
[2.550s] running build
[2.551s] running build_py
[2.551s] running install
[2.551s] running install_lib
[2.553s] running install_data
[2.553s] copying launch/navigation3.launch.py -> /home/user/ros2_ws/install/path_planner_server/share/path_planner_server/launch
[2.554s] running install_egg_info
[2.556s] removing '/home/user/ros2_ws/install/path_planner_server/lib/python3.8/site-packages/path_planner_server-0.0.0-py3.8.egg-info' (and everything under it)
[2.556s] Copying ../../../build/path_planner_server/path_planner_server.egg-info to /home/user/ros2_ws/install/path_planner_server/lib/python3.8/site-packages/path_planner_server-0.0.0-py3.8.egg-info
[2.557s] running install_scripts
[2.576s] writing list of installed files to '/home/user/ros2_ws/build/path_planner_server/install.log'
[2.598s] Invoked command in '/home/user/ros2_ws/src/nav2_pkgs/path_planner_server' returned '0': PYTHONPATH=/home/user/ros2_ws/install/path_planner_server/lib/python3.8/site-packages:${PYTHONPATH} _=/usr/bin/env /usr/bin/python3 setup.py egg_info --egg-base ../../../build/path_planner_server build --build-base /home/user/ros2_ws/build/path_planner_server/build install --prefix /home/user/ros2_ws/install/path_planner_server --record /home/user/ros2_ws/build/path_planner_server/install.log --single-version-externally-managed
