[4.328s] Invoking command in '/home/user/ros2_ws/src/nav2_pkgs/path_planner_server': PYTHONPATH=/home/user/ros2_ws/install/path_planner_server/lib/python3.8/site-packages:${PYTHONPATH} _=/usr/bin/env /usr/bin/python3 setup.py egg_info --egg-base ../../../build/path_planner_server build --build-base /home/user/ros2_ws/build/path_planner_server/build install --prefix /home/user/ros2_ws/install/path_planner_server --record /home/user/ros2_ws/build/path_planner_server/install.log --single-version-externally-managed
[5.602s] running egg_info
[5.607s] writing ../../../build/path_planner_server/path_planner_server.egg-info/PKG-INFO
[5.608s] writing dependency_links to ../../../build/path_planner_server/path_planner_server.egg-info/dependency_links.txt
[5.613s] writing entry points to ../../../build/path_planner_server/path_planner_server.egg-info/entry_points.txt
[5.613s] writing requirements to ../../../build/path_planner_server/path_planner_server.egg-info/requires.txt
[5.614s] writing top-level names to ../../../build/path_planner_server/path_planner_server.egg-info/top_level.txt
[5.826s] reading manifest file '../../../build/path_planner_server/path_planner_server.egg-info/SOURCES.txt'
[5.826s] writing manifest file '../../../build/path_planner_server/path_planner_server.egg-info/SOURCES.txt'
[5.827s] running build
[5.827s] running build_py
[5.828s] running install
[5.829s] running install_lib
[5.831s] running install_data
[5.832s] running install_egg_info
[5.835s] removing '/home/user/ros2_ws/install/path_planner_server/lib/python3.8/site-packages/path_planner_server-0.0.0-py3.8.egg-info' (and everything under it)
[5.836s] Copying ../../../build/path_planner_server/path_planner_server.egg-info to /home/user/ros2_ws/install/path_planner_server/lib/python3.8/site-packages/path_planner_server-0.0.0-py3.8.egg-info
[5.838s] running install_scripts
[5.910s] writing list of installed files to '/home/user/ros2_ws/build/path_planner_server/install.log'
[5.948s] Invoked command in '/home/user/ros2_ws/src/nav2_pkgs/path_planner_server' returned '0': PYTHONPATH=/home/user/ros2_ws/install/path_planner_server/lib/python3.8/site-packages:${PYTHONPATH} _=/usr/bin/env /usr/bin/python3 setup.py egg_info --egg-base ../../../build/path_planner_server build --build-base /home/user/ros2_ws/build/path_planner_server/build install --prefix /home/user/ros2_ws/install/path_planner_server --record /home/user/ros2_ws/build/path_planner_server/install.log --single-version-externally-managed
