[1.878s] Invoking command in '/home/user/ros2_ws/src/nav2_new_features': PYTHONPATH=/home/user/ros2_ws/install/nav2_new_features/lib/python3.8/site-packages:${PYTHONPATH} _=/usr/bin/env /usr/bin/python3 setup.py egg_info --egg-base ../../build/nav2_new_features build --build-base /home/user/ros2_ws/build/nav2_new_features/build install --prefix /home/user/ros2_ws/install/nav2_new_features --record /home/user/ros2_ws/build/nav2_new_features/install.log --single-version-externally-managed
[2.377s] running egg_info
[2.377s] writing ../../build/nav2_new_features/nav2_new_features.egg-info/PKG-INFO
[2.378s] writing dependency_links to ../../build/nav2_new_features/nav2_new_features.egg-info/dependency_links.txt
[2.378s] writing entry points to ../../build/nav2_new_features/nav2_new_features.egg-info/entry_points.txt
[2.378s] writing requirements to ../../build/nav2_new_features/nav2_new_features.egg-info/requires.txt
[2.378s] writing top-level names to ../../build/nav2_new_features/nav2_new_features.egg-info/top_level.txt
[2.471s] reading manifest file '../../build/nav2_new_features/nav2_new_features.egg-info/SOURCES.txt'
[2.472s] writing manifest file '../../build/nav2_new_features/nav2_new_features.egg-info/SOURCES.txt'
[2.472s] running build
[2.472s] running build_py
[2.472s] running install
[2.473s] running install_lib
[2.474s] running install_data
[2.475s] running install_egg_info
[2.477s] removing '/home/user/ros2_ws/install/nav2_new_features/lib/python3.8/site-packages/nav2_new_features-0.0.0-py3.8.egg-info' (and everything under it)
[2.479s] Copying ../../build/nav2_new_features/nav2_new_features.egg-info to /home/user/ros2_ws/install/nav2_new_features/lib/python3.8/site-packages/nav2_new_features-0.0.0-py3.8.egg-info
[2.479s] running install_scripts
[2.499s] writing list of installed files to '/home/user/ros2_ws/build/nav2_new_features/install.log'
[2.588s] Invoked command in '/home/user/ros2_ws/src/nav2_new_features' returned '0': PYTHONPATH=/home/user/ros2_ws/install/nav2_new_features/lib/python3.8/site-packages:${PYTHONPATH} _=/usr/bin/env /usr/bin/python3 setup.py egg_info --egg-base ../../build/nav2_new_features build --build-base /home/user/ros2_ws/build/nav2_new_features/build install --prefix /home/user/ros2_ws/install/nav2_new_features --record /home/user/ros2_ws/build/nav2_new_features/install.log --single-version-externally-managed
